2021-10-08T11:50:10.197+0800	controller/handler.go:24	[GoAdmin] [37;44m 200 [0m [37;104m GET   [0m /admin/login
2021-10-08T11:50:10.259+0800	controller/handler.go:24	[GoAdmin] [37;44m 200 [0m [37;104m GET   [0m /admin/assets/login/dist/all.min.css
2021-10-08T11:50:10.259+0800	controller/handler.go:24	[GoAdmin] [37;44m 200 [0m [37;104m GET   [0m /admin/assets/login/dist/all.min.js
2021-10-08T11:50:14.574+0800	controller/handler.go:24	[GoAdmin] [37;44m 400 [0m [37;104m POST   [0m /admin/signin
2021-10-08T11:50:17.913+0800	controller/handler.go:24	[GoAdmin] [37;44m 200 [0m [37;104m POST   [0m /admin/signin
2021-10-08T11:50:22.187+0800	controller/handler.go:24	[GoAdmin] [37;44m 200 [0m [37;104m POST   [0m /admin/signin
2021-10-08T11:50:41.121+0800	controller/handler.go:24	[GoAdmin] [37;44m 200 [0m [37;104m POST   [0m /admin/signin
2021-10-08T11:52:10.302+0800	controller/handler.go:24	[GoAdmin] [37;44m 200 [0m [37;104m POST   [0m /admin/signin
2021-10-08T11:52:10.411+0800	controller/handler.go:24	[GoAdmin] [37;44m 200 [0m [37;104m GET   [0m /admin/assets/dist/css/all.min.79250b7051.css
2021-10-08T11:52:10.414+0800	controller/handler.go:24	[GoAdmin] [37;44m 200 [0m [37;104m GET   [0m /admin/assets/dist/js/all.min.8425540791.js
2021-10-08T11:52:10.431+0800	controller/handler.go:24	[GoAdmin] [37;44m 200 [0m [37;104m GET   [0m /admin/assets/dist/js/treeview.min.7780d3bb0f.js
2021-10-08T11:52:10.438+0800	controller/handler.go:24	[GoAdmin] [37;44m 200 [0m [37;104m GET   [0m /admin/assets/dist/js/datatable.min.581cdc109b.js
2021-10-08T11:52:10.466+0800	controller/handler.go:24	[GoAdmin] [37;44m 200 [0m [37;104m GET   [0m /admin/assets/dist/js/form.min.f8678914e9.js
2021-10-08T11:52:10.480+0800	controller/handler.go:24	[GoAdmin] [37;44m 200 [0m [37;104m GET   [0m /admin/assets/dist/js/tree.min.e1faf8b7de.js
2021-10-08T11:52:10.482+0800	controller/handler.go:24	[GoAdmin] [37;44m 200 [0m [37;104m GET   [0m /admin/assets/dist/img/avatar04.png
2021-10-08T11:52:10.483+0800	controller/handler.go:24	[GoAdmin] [37;44m 200 [0m [37;104m GET   [0m /admin/assets/dist/js/all_2.min.38a2a946b0.js
2021-10-08T11:52:10.483+0800	controller/handler.go:24	[GoAdmin] [37;44m 200 [0m [37;104m GET   [0m /admin/assets/chart.min.js
2021-10-08T11:52:10.513+0800	controller/handler.go:24	[GoAdmin] [37;44m 200 [0m [37;104m GET   [0m /admin/assets/dist/fonts/fontawesome-webfont.woff2
2021-10-08T11:52:10.644+0800	controller/handler.go:24	[GoAdmin] [37;44m 200 [0m [37;104m GET   [0m /admin/assets/dist/css/fonts/6xK3dSBYKcSV-LCoeQqfX1RYOo3qOK7g.ttf
2021-10-08T11:52:10.721+0800	controller/handler.go:24	[GoAdmin] [37;44m 200 [0m [37;104m GET   [0m /admin/assets/dist/css/fonts/6xKydSBYKcSV-LCoeQqfX1RYOo3i54rwlxdr.ttf
2021-10-08T11:52:13.415+0800	controller/handler.go:24	[GoAdmin] [37;44m 200 [0m [37;104m GET   [0m /admin/assets/dist/js/datatable.min.581cdc109b.js
2021-10-08T11:52:13.415+0800	controller/handler.go:24	[GoAdmin] [37;44m 200 [0m [37;104m GET   [0m /admin/assets/dist/js/treeview.min.7780d3bb0f.js
2021-10-08T11:52:13.417+0800	controller/handler.go:24	[GoAdmin] [37;44m 200 [0m [37;104m GET   [0m /admin/assets/dist/js/tree.min.e1faf8b7de.js
2021-10-08T11:52:13.424+0800	controller/handler.go:24	[GoAdmin] [37;44m 200 [0m [37;104m GET   [0m /admin/assets/chart.min.js
2021-10-08T11:52:13.429+0800	controller/handler.go:24	[GoAdmin] [37;44m 200 [0m [37;104m GET   [0m /admin/assets/dist/js/form.min.f8678914e9.js
2021-10-08T11:52:18.461+0800	controller/handler.go:24	[GoAdmin] [37;44m 200 [0m [37;104m GET   [0m /admin/menu
2021-10-08T11:52:31.661+0800	controller/handler.go:24	[GoAdmin] [37;44m 200 [0m [37;104m POST   [0m /admin/menu/delete
2021-10-08T11:52:31.684+0800	controller/handler.go:24	[GoAdmin] [37;44m 200 [0m [37;104m GET   [0m /admin/menu
2021-10-08T11:53:03.971+0800	controller/handler.go:24	[GoAdmin] [37;44m 200 [0m [37;104m POST   [0m /admin/menu/new
2021-10-08T11:53:30.444+0800	controller/handler.go:24	[GoAdmin] [37;44m 200 [0m [37;104m POST   [0m /admin/menu/new
2021-10-08T11:53:37.681+0800	controller/handler.go:24	[GoAdmin] [37;44m 200 [0m [37;104m POST   [0m /admin/menu/order
2021-10-08T11:53:37.709+0800	controller/handler.go:24	[GoAdmin] [37;44m 200 [0m [37;104m GET   [0m /admin/menu
2021-10-08T11:53:38.855+0800	controller/handler.go:24	[GoAdmin] [37;44m 200 [0m [37;104m GET   [0m /admin/menu
2021-10-08T11:53:38.916+0800	controller/handler.go:24	[GoAdmin] [37;44m 200 [0m [37;104m GET   [0m /admin/assets/dist/js/all.min.8425540791.js
2021-10-08T11:53:38.920+0800	controller/handler.go:24	[GoAdmin] [37;44m 200 [0m [37;104m GET   [0m /admin/assets/dist/css/all.min.79250b7051.css
2021-10-08T11:53:38.957+0800	controller/handler.go:24	[GoAdmin] [37;44m 200 [0m [37;104m GET   [0m /admin/assets/dist/js/treeview.min.7780d3bb0f.js
2021-10-08T11:53:38.962+0800	controller/handler.go:24	[GoAdmin] [37;44m 200 [0m [37;104m GET   [0m /admin/assets/dist/js/datatable.min.581cdc109b.js
2021-10-08T11:53:38.975+0800	controller/handler.go:24	[GoAdmin] [37;44m 200 [0m [37;104m GET   [0m /admin/assets/dist/js/form.min.f8678914e9.js
2021-10-08T11:53:39.013+0800	controller/handler.go:24	[GoAdmin] [37;44m 200 [0m [37;104m GET   [0m /admin/assets/dist/js/tree.min.e1faf8b7de.js
2021-10-08T11:53:39.015+0800	controller/handler.go:24	[GoAdmin] [37;44m 200 [0m [37;104m GET   [0m /admin/assets/dist/img/avatar04.png
2021-10-08T11:53:39.015+0800	controller/handler.go:24	[GoAdmin] [37;44m 200 [0m [37;104m GET   [0m /admin/assets/chart.min.js
2021-10-08T11:53:39.016+0800	controller/handler.go:24	[GoAdmin] [37;44m 200 [0m [37;104m GET   [0m /admin/assets/dist/js/all_2.min.38a2a946b0.js
2021-10-08T11:53:39.024+0800	controller/handler.go:24	[GoAdmin] [37;44m 200 [0m [37;104m GET   [0m /admin/assets/dist/fonts/fontawesome-webfont.woff2
2021-10-08T11:53:39.184+0800	controller/handler.go:24	[GoAdmin] [37;44m 200 [0m [37;104m GET   [0m /admin/assets/dist/css/fonts/6xK3dSBYKcSV-LCoeQqfX1RYOo3qOK7g.ttf
2021-10-08T11:53:55.645+0800	controller/handler.go:24	[GoAdmin] [37;44m 200 [0m [37;104m GET   [0m /admin/menu/edit/show
2021-10-08T11:53:55.714+0800	controller/handler.go:24	[GoAdmin] [37;44m 200 [0m [37;104m GET   [0m /admin/assets/dist/css/blue@2x.png
2021-10-08T11:53:55.722+0800	controller/handler.go:24	[GoAdmin] [37;44m 200 [0m [37;104m GET   [0m /admin/assets/dist/js/tree.min.e1faf8b7de.js
2021-10-08T11:53:55.722+0800	controller/handler.go:24	[GoAdmin] [37;44m 200 [0m [37;104m GET   [0m /admin/assets/dist/js/treeview.min.7780d3bb0f.js
2021-10-08T11:53:55.722+0800	controller/handler.go:24	[GoAdmin] [37;44m 200 [0m [37;104m GET   [0m /admin/assets/dist/js/datatable.min.581cdc109b.js
2021-10-08T11:53:55.725+0800	controller/handler.go:24	[GoAdmin] [37;44m 200 [0m [37;104m GET   [0m /admin/assets/chart.min.js
2021-10-08T11:53:55.728+0800	controller/handler.go:24	[GoAdmin] [37;44m 200 [0m [37;104m GET   [0m /admin/assets/dist/js/form.min.f8678914e9.js
2021-10-08T11:54:00.374+0800	controller/handler.go:24	[GoAdmin] [37;44m 200 [0m [37;104m POST   [0m /admin/menu/edit
2021-10-08T11:54:03.428+0800	controller/handler.go:24	[GoAdmin] [37;44m 200 [0m [37;104m GET   [0m /admin/menu/edit/show
2021-10-08T11:54:06.076+0800	controller/handler.go:24	[GoAdmin] [37;44m 200 [0m [37;104m POST   [0m /admin/menu/edit
2021-10-08T11:54:07.360+0800	controller/handler.go:24	[GoAdmin] [37;44m 200 [0m [37;104m GET   [0m /admin/info/projects
2021-10-08T11:54:09.094+0800	controller/handler.go:24	[GoAdmin] [37;44m 200 [0m [37;104m GET   [0m /admin/info/projects
2021-10-08T11:54:09.134+0800	controller/handler.go:24	[GoAdmin] [37;44m 200 [0m [37;104m GET   [0m /admin/assets/dist/js/all.min.8425540791.js
2021-10-08T11:54:09.136+0800	controller/handler.go:24	[GoAdmin] [37;44m 200 [0m [37;104m GET   [0m /admin/assets/dist/css/all.min.79250b7051.css
2021-10-08T11:54:09.172+0800	controller/handler.go:24	[GoAdmin] [37;44m 200 [0m [37;104m GET   [0m /admin/assets/dist/js/treeview.min.7780d3bb0f.js
2021-10-08T11:54:09.177+0800	controller/handler.go:24	[GoAdmin] [37;44m 200 [0m [37;104m GET   [0m /admin/assets/dist/js/datatable.min.581cdc109b.js
2021-10-08T11:54:09.189+0800	controller/handler.go:24	[GoAdmin] [37;44m 200 [0m [37;104m GET   [0m /admin/assets/dist/js/form.min.f8678914e9.js
2021-10-08T11:54:09.223+0800	controller/handler.go:24	[GoAdmin] [37;44m 200 [0m [37;104m GET   [0m /admin/assets/dist/js/tree.min.e1faf8b7de.js
2021-10-08T11:54:09.224+0800	controller/handler.go:24	[GoAdmin] [37;44m 200 [0m [37;104m GET   [0m /admin/assets/dist/img/avatar04.png
2021-10-08T11:54:09.224+0800	controller/handler.go:24	[GoAdmin] [37;44m 200 [0m [37;104m GET   [0m /admin/assets/dist/js/all_2.min.38a2a946b0.js
2021-10-08T11:54:09.226+0800	controller/handler.go:24	[GoAdmin] [37;44m 200 [0m [37;104m GET   [0m /admin/assets/chart.min.js
2021-10-08T11:54:09.273+0800	controller/handler.go:24	[GoAdmin] [37;44m 200 [0m [37;104m GET   [0m /admin/assets/dist/fonts/fontawesome-webfont.woff2
2021-10-08T11:54:09.393+0800	controller/handler.go:24	[GoAdmin] [37;44m 200 [0m [37;104m GET   [0m /admin/assets/dist/css/fonts/6xK3dSBYKcSV-LCoeQqfX1RYOo3qOK7g.ttf
2021-10-08T11:54:09.430+0800	controller/handler.go:24	[GoAdmin] [37;44m 200 [0m [37;104m GET   [0m /admin/assets/dist/css/blue@2x.png
2021-10-08T11:54:09.930+0800	controller/handler.go:24	[GoAdmin] [37;44m 200 [0m [37;104m GET   [0m /admin/info/projects
2021-10-08T11:54:09.955+0800	controller/handler.go:24	[GoAdmin] [37;44m 200 [0m [37;104m GET   [0m /admin/assets/dist/js/tree.min.e1faf8b7de.js
2021-10-08T11:54:09.955+0800	controller/handler.go:24	[GoAdmin] [37;44m 200 [0m [37;104m GET   [0m /admin/assets/dist/js/treeview.min.7780d3bb0f.js
2021-10-08T11:54:09.955+0800	controller/handler.go:24	[GoAdmin] [37;44m 200 [0m [37;104m GET   [0m /admin/assets/dist/js/datatable.min.581cdc109b.js
2021-10-08T11:54:09.960+0800	controller/handler.go:24	[GoAdmin] [37;44m 200 [0m [37;104m GET   [0m /admin/assets/chart.min.js
2021-10-08T11:54:09.963+0800	controller/handler.go:24	[GoAdmin] [37;44m 200 [0m [37;104m GET   [0m /admin/assets/dist/js/form.min.f8678914e9.js
2021-10-08T11:54:59.171+0800	controller/handler.go:24	[GoAdmin] [37;44m 200 [0m [37;104m GET   [0m /admin/info/projects
2021-10-08T11:54:59.235+0800	controller/handler.go:24	[GoAdmin] [37;44m 200 [0m [37;104m GET   [0m /admin/assets/dist/js/all.min.8425540791.js
2021-10-08T11:54:59.239+0800	controller/handler.go:24	[GoAdmin] [37;44m 200 [0m [37;104m GET   [0m /admin/assets/dist/css/all.min.79250b7051.css
2021-10-08T11:54:59.270+0800	controller/handler.go:24	[GoAdmin] [37;44m 200 [0m [37;104m GET   [0m /admin/assets/dist/js/datatable.min.581cdc109b.js
2021-10-08T11:54:59.277+0800	controller/handler.go:24	[GoAdmin] [37;44m 200 [0m [37;104m GET   [0m /admin/assets/dist/js/tree.min.e1faf8b7de.js
2021-10-08T11:54:59.323+0800	controller/handler.go:24	[GoAdmin] [37;44m 200 [0m [37;104m GET   [0m /admin/assets/chart.min.js
2021-10-08T11:54:59.340+0800	controller/handler.go:24	[GoAdmin] [37;44m 200 [0m [37;104m GET   [0m /admin/assets/dist/js/treeview.min.7780d3bb0f.js
2021-10-08T11:54:59.342+0800	controller/handler.go:24	[GoAdmin] [37;44m 200 [0m [37;104m GET   [0m /admin/assets/dist/js/all_2.min.38a2a946b0.js
2021-10-08T11:54:59.342+0800	controller/handler.go:24	[GoAdmin] [37;44m 200 [0m [37;104m GET   [0m /admin/assets/dist/img/avatar04.png
2021-10-08T11:54:59.344+0800	controller/handler.go:24	[GoAdmin] [37;44m 200 [0m [37;104m GET   [0m /admin/assets/dist/js/form.min.f8678914e9.js
2021-10-08T11:54:59.351+0800	controller/handler.go:24	[GoAdmin] [37;44m 200 [0m [37;104m GET   [0m /admin/assets/dist/fonts/fontawesome-webfont.woff2
2021-10-08T11:54:59.486+0800	controller/handler.go:24	[GoAdmin] [37;44m 200 [0m [37;104m GET   [0m /admin/assets/dist/css/fonts/6xK3dSBYKcSV-LCoeQqfX1RYOo3qOK7g.ttf
2021-10-08T11:54:59.517+0800	controller/handler.go:24	[GoAdmin] [37;44m 200 [0m [37;104m GET   [0m /admin/assets/dist/css/blue@2x.png
2021-10-08T11:55:00.702+0800	controller/handler.go:24	[GoAdmin] [37;44m 200 [0m [37;104m GET   [0m /admin/info/projects/new
2021-10-08T11:55:00.723+0800	controller/handler.go:24	[GoAdmin] [37;44m 200 [0m [37;104m GET   [0m /admin/assets/dist/js/treeview.min.7780d3bb0f.js
2021-10-08T11:55:00.731+0800	controller/handler.go:24	[GoAdmin] [37;44m 200 [0m [37;104m GET   [0m /admin/assets/dist/js/tree.min.e1faf8b7de.js
2021-10-08T11:55:00.733+0800	controller/handler.go:24	[GoAdmin] [37;44m 200 [0m [37;104m GET   [0m /admin/assets/dist/js/datatable.min.581cdc109b.js
2021-10-08T11:55:00.734+0800	controller/handler.go:24	[GoAdmin] [37;44m 200 [0m [37;104m GET   [0m /admin/assets/chart.min.js
2021-10-08T11:55:00.742+0800	controller/handler.go:24	[GoAdmin] [37;44m 200 [0m [37;104m GET   [0m /admin/assets/dist/js/form.min.f8678914e9.js
2021-10-08T11:55:08.741+0800	controller/handler.go:24	[GoAdmin] [37;44m 200 [0m [37;104m POST   [0m /admin/new/projects
2021-10-08T11:55:11.302+0800	controller/handler.go:24	[GoAdmin] [37;44m 200 [0m [37;104m GET   [0m /admin/info/projects/new
2021-10-08T11:55:23.584+0800	controller/handler.go:24	[GoAdmin] [37;44m 200 [0m [37;104m POST   [0m /admin/new/projects
2021-10-08T11:55:28.065+0800	controller/handler.go:24	[GoAdmin] [37;44m 200 [0m [37;104m GET   [0m /admin/info/projects/new
2021-10-08T11:55:34.461+0800	controller/handler.go:24	[GoAdmin] [37;44m 200 [0m [37;104m POST   [0m /admin/new/projects
2021-10-08T11:55:35.447+0800	controller/handler.go:24	[GoAdmin] [37;44m 200 [0m [37;104m GET   [0m /admin/info/projects/new
2021-10-08T11:55:40.445+0800	controller/handler.go:24	[GoAdmin] [37;44m 200 [0m [37;104m POST   [0m /admin/new/projects
2021-10-08T11:55:42.377+0800	controller/handler.go:24	[GoAdmin] [37;44m 200 [0m [37;104m GET   [0m /admin/info/projects/new
2021-10-08T11:55:48.245+0800	controller/handler.go:24	[GoAdmin] [37;44m 200 [0m [37;104m POST   [0m /admin/new/projects
2021-10-08T11:55:50.133+0800	controller/handler.go:24	[GoAdmin] [37;44m 200 [0m [37;104m GET   [0m /admin/info/projects/new
2021-10-08T11:56:03.835+0800	controller/handler.go:24	[GoAdmin] [37;44m 200 [0m [37;104m GET   [0m /admin/info/projects
2021-10-08T11:56:05.800+0800	controller/handler.go:24	[GoAdmin] [37;44m 200 [0m [37;104m GET   [0m /admin/info/tasks
2021-10-08T11:56:08.258+0800	controller/handler.go:24	[GoAdmin] [37;44m 200 [0m [37;104m GET   [0m /admin/info/tasks
2021-10-08T11:56:09.003+0800	controller/handler.go:24	[GoAdmin] [37;44m 200 [0m [37;104m GET   [0m /admin/info/projects
2021-10-08T11:56:09.669+0800	controller/handler.go:24	[GoAdmin] [37;44m 200 [0m [37;104m GET   [0m /admin/info/tasks
2021-10-08T11:56:30.887+0800	controller/handler.go:24	[GoAdmin] [37;44m 200 [0m [37;104m GET   [0m /admin/info/tasks
2021-10-08T11:56:30.982+0800	controller/handler.go:24	[GoAdmin] [37;44m 200 [0m [37;104m GET   [0m /admin/assets/dist/css/all.min.79250b7051.css
2021-10-08T11:56:30.985+0800	controller/handler.go:24	[GoAdmin] [37;44m 200 [0m [37;104m GET   [0m /admin/assets/dist/js/all.min.8425540791.js
2021-10-08T11:56:31.010+0800	controller/handler.go:24	[GoAdmin] [37;44m 200 [0m [37;104m GET   [0m /admin/assets/dist/js/tree.min.e1faf8b7de.js
2021-10-08T11:56:31.040+0800	controller/handler.go:24	[GoAdmin] [37;44m 200 [0m [37;104m GET   [0m /admin/assets/dist/js/treeview.min.7780d3bb0f.js
2021-10-08T11:56:31.046+0800	controller/handler.go:24	[GoAdmin] [37;44m 200 [0m [37;104m GET   [0m /admin/assets/dist/js/form.min.f8678914e9.js
2021-10-08T11:56:31.076+0800	controller/handler.go:24	[GoAdmin] [37;44m 200 [0m [37;104m GET   [0m /admin/assets/dist/js/datatable.min.581cdc109b.js
2021-10-08T11:56:31.077+0800	controller/handler.go:24	[GoAdmin] [37;44m 200 [0m [37;104m GET   [0m /admin/assets/chart.min.js
2021-10-08T11:56:31.078+0800	controller/handler.go:24	[GoAdmin] [37;44m 200 [0m [37;104m GET   [0m /admin/assets/dist/js/all_2.min.38a2a946b0.js
2021-10-08T11:56:31.079+0800	controller/handler.go:24	[GoAdmin] [37;44m 200 [0m [37;104m GET   [0m /admin/assets/dist/img/avatar04.png
2021-10-08T11:56:31.119+0800	controller/handler.go:24	[GoAdmin] [37;44m 200 [0m [37;104m GET   [0m /admin/assets/dist/fonts/fontawesome-webfont.woff2
2021-10-08T11:56:31.238+0800	controller/handler.go:24	[GoAdmin] [37;44m 200 [0m [37;104m GET   [0m /admin/assets/dist/css/fonts/6xKydSBYKcSV-LCoeQqfX1RYOo3i54rwlxdr.ttf
2021-10-08T11:56:31.239+0800	controller/handler.go:24	[GoAdmin] [37;44m 200 [0m [37;104m GET   [0m /admin/assets/dist/css/fonts/6xK3dSBYKcSV-LCoeQqfX1RYOo3qOK7g.ttf
2021-10-08T11:56:33.291+0800	controller/handler.go:24	[GoAdmin] [37;44m 200 [0m [37;104m GET   [0m /admin/info/tasks
2021-10-08T11:56:33.315+0800	controller/handler.go:24	[GoAdmin] [37;44m 200 [0m [37;104m GET   [0m /admin/assets/dist/js/datatable.min.581cdc109b.js
2021-10-08T11:56:33.316+0800	controller/handler.go:24	[GoAdmin] [37;44m 200 [0m [37;104m GET   [0m /admin/assets/dist/js/tree.min.e1faf8b7de.js
2021-10-08T11:56:33.317+0800	controller/handler.go:24	[GoAdmin] [37;44m 200 [0m [37;104m GET   [0m /admin/assets/dist/js/treeview.min.7780d3bb0f.js
2021-10-08T11:56:33.321+0800	controller/handler.go:24	[GoAdmin] [37;44m 200 [0m [37;104m GET   [0m /admin/assets/chart.min.js
2021-10-08T11:56:33.339+0800	controller/handler.go:24	[GoAdmin] [37;44m 200 [0m [37;104m GET   [0m /admin/assets/dist/js/form.min.f8678914e9.js
2021-10-08T11:56:52.046+0800	controller/handler.go:24	[GoAdmin] [37;44m 200 [0m [37;104m GET   [0m /admin/info/permission
2021-10-08T11:56:52.063+0800	controller/handler.go:24	[GoAdmin] [37;44m 200 [0m [37;104m GET   [0m /admin/assets/dist/css/blue@2x.png
2021-10-08T11:56:52.621+0800	controller/handler.go:24	[GoAdmin] [37;44m 200 [0m [37;104m GET   [0m /admin/menu
2021-10-08T11:56:57.456+0800	controller/handler.go:24	[GoAdmin] [37;44m 200 [0m [37;104m GET   [0m /admin/info/tasks
2021-10-08T11:56:58.557+0800	controller/handler.go:24	[GoAdmin] [37;44m 200 [0m [37;104m GET   [0m /admin/menu
2021-10-08T11:56:59.804+0800	controller/handler.go:24	[GoAdmin] [37;44m 200 [0m [37;104m GET   [0m /admin/menu/edit/show
2021-10-08T11:57:04.372+0800	controller/handler.go:24	[GoAdmin] [37;44m 200 [0m [37;104m GET   [0m /admin/menu
2021-10-08T11:57:14.627+0800	controller/handler.go:24	[GoAdmin] [37;44m 200 [0m [37;104m GET   [0m /admin/menu
2021-10-08T11:57:14.679+0800	controller/handler.go:24	[GoAdmin] [37;44m 200 [0m [37;104m GET   [0m /admin/assets/dist/js/all.min.8425540791.js
2021-10-08T11:57:14.682+0800	controller/handler.go:24	[GoAdmin] [37;44m 200 [0m [37;104m GET   [0m /admin/assets/dist/css/all.min.79250b7051.css
2021-10-08T11:57:14.734+0800	controller/handler.go:24	[GoAdmin] [37;44m 200 [0m [37;104m GET   [0m /admin/assets/dist/js/form.min.f8678914e9.js
2021-10-08T11:57:14.734+0800	controller/handler.go:24	[GoAdmin] [37;44m 200 [0m [37;104m GET   [0m /admin/assets/dist/js/tree.min.e1faf8b7de.js
2021-10-08T11:57:14.784+0800	controller/handler.go:24	[GoAdmin] [37;44m 200 [0m [37;104m GET   [0m /admin/assets/dist/js/treeview.min.7780d3bb0f.js
2021-10-08T11:57:14.786+0800	controller/handler.go:24	[GoAdmin] [37;44m 200 [0m [37;104m GET   [0m /admin/assets/dist/js/datatable.min.581cdc109b.js
2021-10-08T11:57:14.787+0800	controller/handler.go:24	[GoAdmin] [37;44m 200 [0m [37;104m GET   [0m /admin/assets/dist/js/all_2.min.38a2a946b0.js
2021-10-08T11:57:14.787+0800	controller/handler.go:24	[GoAdmin] [37;44m 200 [0m [37;104m GET   [0m /admin/assets/dist/img/avatar04.png
2021-10-08T11:57:14.789+0800	controller/handler.go:24	[GoAdmin] [37;44m 200 [0m [37;104m GET   [0m /admin/assets/chart.min.js
2021-10-08T11:57:14.830+0800	controller/handler.go:24	[GoAdmin] [37;44m 200 [0m [37;104m GET   [0m /admin/assets/dist/fonts/fontawesome-webfont.woff2
2021-10-08T11:57:14.957+0800	controller/handler.go:24	[GoAdmin] [37;44m 200 [0m [37;104m GET   [0m /admin/assets/dist/css/fonts/6xK3dSBYKcSV-LCoeQqfX1RYOo3qOK7g.ttf
2021-10-08T11:57:15.606+0800	controller/handler.go:24	[GoAdmin] [37;44m 200 [0m [37;104m GET   [0m /admin/info/tasks
2021-10-08T11:57:15.635+0800	controller/handler.go:24	[GoAdmin] [37;44m 200 [0m [37;104m GET   [0m /admin/assets/dist/js/datatable.min.581cdc109b.js
2021-10-08T11:57:15.635+0800	controller/handler.go:24	[GoAdmin] [37;44m 200 [0m [37;104m GET   [0m /admin/assets/dist/js/treeview.min.7780d3bb0f.js
2021-10-08T11:57:15.637+0800	controller/handler.go:24	[GoAdmin] [37;44m 200 [0m [37;104m GET   [0m /admin/assets/dist/js/tree.min.e1faf8b7de.js
2021-10-08T11:57:15.643+0800	controller/handler.go:24	[GoAdmin] [37;44m 200 [0m [37;104m GET   [0m /admin/assets/chart.min.js
2021-10-08T11:57:15.646+0800	controller/handler.go:24	[GoAdmin] [37;44m 200 [0m [37;104m GET   [0m /admin/assets/dist/css/fonts/6xKydSBYKcSV-LCoeQqfX1RYOo3i54rwlxdr.ttf
2021-10-08T11:57:15.650+0800	controller/handler.go:24	[GoAdmin] [37;44m 200 [0m [37;104m GET   [0m /admin/assets/dist/js/form.min.f8678914e9.js
2021-10-08T11:58:35.024+0800	controller/handler.go:24	[GoAdmin] [37;44m 200 [0m [37;104m GET   [0m /admin/info/tasks
2021-10-08T11:58:35.156+0800	controller/handler.go:24	[GoAdmin] [37;44m 200 [0m [37;104m GET   [0m /admin/assets/dist/css/all.min.79250b7051.css
2021-10-08T11:58:35.159+0800	controller/handler.go:24	[GoAdmin] [37;44m 200 [0m [37;104m GET   [0m /admin/assets/dist/js/all.min.8425540791.js
2021-10-08T11:58:35.526+0800	controller/handler.go:24	[GoAdmin] [37;44m 200 [0m [37;104m GET   [0m /admin/assets/dist/js/tree.min.e1faf8b7de.js
2021-10-08T11:58:35.560+0800	controller/handler.go:24	[GoAdmin] [37;44m 200 [0m [37;104m GET   [0m /admin/assets/dist/js/treeview.min.7780d3bb0f.js
2021-10-08T11:58:35.563+0800	controller/handler.go:24	[GoAdmin] [37;44m 200 [0m [37;104m GET   [0m /admin/assets/chart.min.js
2021-10-08T11:58:35.564+0800	controller/handler.go:24	[GoAdmin] [37;44m 200 [0m [37;104m GET   [0m /admin/assets/dist/js/datatable.min.581cdc109b.js
2021-10-08T11:58:35.584+0800	controller/handler.go:24	[GoAdmin] [37;44m 200 [0m [37;104m GET   [0m /admin/assets/dist/js/all_2.min.38a2a946b0.js
2021-10-08T11:58:35.587+0800	controller/handler.go:24	[GoAdmin] [37;44m 200 [0m [37;104m GET   [0m /admin/assets/dist/js/form.min.f8678914e9.js
2021-10-08T11:58:35.593+0800	controller/handler.go:24	[GoAdmin] [37;44m 200 [0m [37;104m GET   [0m /admin/assets/dist/img/avatar04.png
2021-10-08T11:58:35.787+0800	controller/handler.go:24	[GoAdmin] [37;44m 200 [0m [37;104m GET   [0m /admin/assets/dist/fonts/fontawesome-webfont.woff2
2021-10-08T11:58:36.446+0800	controller/handler.go:24	[GoAdmin] [37;44m 200 [0m [37;104m GET   [0m /admin/assets/dist/css/fonts/6xKydSBYKcSV-LCoeQqfX1RYOo3i54rwlxdr.ttf
2021-10-08T11:58:36.448+0800	controller/handler.go:24	[GoAdmin] [37;44m 200 [0m [37;104m GET   [0m /admin/assets/dist/css/fonts/6xK3dSBYKcSV-LCoeQqfX1RYOo3qOK7g.ttf
2021-10-08T11:59:00.066+0800	controller/handler.go:24	[GoAdmin] [37;44m 200 [0m [37;104m GET   [0m /admin/info/tasks
2021-10-08T11:59:00.143+0800	controller/handler.go:24	[GoAdmin] [37;44m 200 [0m [37;104m GET   [0m /admin/assets/dist/js/all.min.8425540791.js
2021-10-08T11:59:00.146+0800	controller/handler.go:24	[GoAdmin] [37;44m 200 [0m [37;104m GET   [0m /admin/assets/dist/css/all.min.79250b7051.css
2021-10-08T11:59:00.171+0800	controller/handler.go:24	[GoAdmin] [37;44m 200 [0m [37;104m GET   [0m /admin/assets/dist/js/tree.min.e1faf8b7de.js
2021-10-08T11:59:00.179+0800	controller/handler.go:24	[GoAdmin] [37;44m 200 [0m [37;104m GET   [0m /admin/assets/dist/js/treeview.min.7780d3bb0f.js
2021-10-08T11:59:00.227+0800	controller/handler.go:24	[GoAdmin] [37;44m 200 [0m [37;104m GET   [0m /admin/assets/chart.min.js
2021-10-08T11:59:00.227+0800	controller/handler.go:24	[GoAdmin] [37;44m 200 [0m [37;104m GET   [0m /admin/assets/dist/js/datatable.min.581cdc109b.js
2021-10-08T11:59:00.245+0800	controller/handler.go:24	[GoAdmin] [37;44m 200 [0m [37;104m GET   [0m /admin/assets/dist/js/all_2.min.38a2a946b0.js
2021-10-08T11:59:00.245+0800	controller/handler.go:24	[GoAdmin] [37;44m 200 [0m [37;104m GET   [0m /admin/assets/dist/img/avatar04.png
2021-10-08T11:59:00.248+0800	controller/handler.go:24	[GoAdmin] [37;44m 200 [0m [37;104m GET   [0m /admin/assets/dist/js/form.min.f8678914e9.js
2021-10-08T11:59:00.271+0800	controller/handler.go:24	[GoAdmin] [37;44m 200 [0m [37;104m GET   [0m /admin/assets/dist/fonts/fontawesome-webfont.woff2
2021-10-08T11:59:00.393+0800	controller/handler.go:24	[GoAdmin] [37;44m 200 [0m [37;104m GET   [0m /admin/assets/dist/css/fonts/6xKydSBYKcSV-LCoeQqfX1RYOo3i54rwlxdr.ttf
2021-10-08T11:59:00.394+0800	controller/handler.go:24	[GoAdmin] [37;44m 200 [0m [37;104m GET   [0m /admin/assets/dist/css/fonts/6xK3dSBYKcSV-LCoeQqfX1RYOo3qOK7g.ttf
2021-10-08T11:59:01.175+0800	controller/handler.go:24	[GoAdmin] [37;44m 200 [0m [37;104m GET   [0m /admin/info/tasks
2021-10-08T11:59:01.219+0800	controller/handler.go:24	[GoAdmin] [37;44m 200 [0m [37;104m GET   [0m /admin/assets/dist/js/all.min.8425540791.js
2021-10-08T11:59:01.221+0800	controller/handler.go:24	[GoAdmin] [37;44m 200 [0m [37;104m GET   [0m /admin/assets/dist/css/all.min.79250b7051.css
2021-10-08T11:59:01.261+0800	controller/handler.go:24	[GoAdmin] [37;44m 200 [0m [37;104m GET   [0m /admin/assets/dist/js/tree.min.e1faf8b7de.js
2021-10-08T11:59:01.266+0800	controller/handler.go:24	[GoAdmin] [37;44m 200 [0m [37;104m GET   [0m /admin/assets/dist/js/treeview.min.7780d3bb0f.js
2021-10-08T11:59:01.272+0800	controller/handler.go:24	[GoAdmin] [37;44m 200 [0m [37;104m GET   [0m /admin/assets/dist/js/datatable.min.581cdc109b.js
2021-10-08T11:59:01.280+0800	controller/handler.go:24	[GoAdmin] [37;44m 200 [0m [37;104m GET   [0m /admin/assets/dist/js/form.min.f8678914e9.js
2021-10-08T11:59:01.314+0800	controller/handler.go:24	[GoAdmin] [37;44m 200 [0m [37;104m GET   [0m /admin/assets/dist/js/all_2.min.38a2a946b0.js
2021-10-08T11:59:01.316+0800	controller/handler.go:24	[GoAdmin] [37;44m 200 [0m [37;104m GET   [0m /admin/assets/dist/img/avatar04.png
2021-10-08T11:59:01.317+0800	controller/handler.go:24	[GoAdmin] [37;44m 200 [0m [37;104m GET   [0m /admin/assets/chart.min.js
2021-10-08T11:59:01.349+0800	controller/handler.go:24	[GoAdmin] [37;44m 200 [0m [37;104m GET   [0m /admin/assets/dist/fonts/fontawesome-webfont.woff2
2021-10-08T11:59:01.450+0800	controller/handler.go:24	[GoAdmin] [37;44m 200 [0m [37;104m GET   [0m /admin/assets/dist/css/fonts/6xKydSBYKcSV-LCoeQqfX1RYOo3i54rwlxdr.ttf
2021-10-08T11:59:01.450+0800	controller/handler.go:24	[GoAdmin] [37;44m 200 [0m [37;104m GET   [0m /admin/assets/dist/css/fonts/6xK3dSBYKcSV-LCoeQqfX1RYOo3qOK7g.ttf
2021-10-08T11:59:03.421+0800	controller/handler.go:24	[GoAdmin] [37;44m 200 [0m [37;104m GET   [0m /admin/info/projects
2021-10-08T11:59:03.439+0800	controller/handler.go:24	[GoAdmin] [37;44m 200 [0m [37;104m GET   [0m /admin/assets/dist/css/blue@2x.png
2021-10-08T11:59:03.454+0800	controller/handler.go:24	[GoAdmin] [37;44m 200 [0m [37;104m GET   [0m /admin/assets/dist/js/tree.min.e1faf8b7de.js
2021-10-08T11:59:03.455+0800	controller/handler.go:24	[GoAdmin] [37;44m 200 [0m [37;104m GET   [0m /admin/assets/dist/js/treeview.min.7780d3bb0f.js
2021-10-08T11:59:03.459+0800	controller/handler.go:24	[GoAdmin] [37;44m 200 [0m [37;104m GET   [0m /admin/assets/dist/js/datatable.min.581cdc109b.js
2021-10-08T11:59:03.463+0800	controller/handler.go:24	[GoAdmin] [37;44m 200 [0m [37;104m GET   [0m /admin/assets/chart.min.js
2021-10-08T11:59:03.464+0800	controller/handler.go:24	[GoAdmin] [37;44m 200 [0m [37;104m GET   [0m /admin/assets/dist/js/form.min.f8678914e9.js
2021-10-08T11:59:04.141+0800	controller/handler.go:24	[GoAdmin] [37;44m 200 [0m [37;104m GET   [0m /admin/info/tasks
2021-10-08T11:59:04.918+0800	controller/handler.go:24	[GoAdmin] [37;44m 200 [0m [37;104m GET   [0m /admin/info/projects
2021-10-08T11:59:05.628+0800	controller/handler.go:24	[GoAdmin] [37;44m 200 [0m [37;104m GET   [0m /admin/info/tasks
2021-10-08T11:59:06.597+0800	controller/handler.go:24	[GoAdmin] [37;44m 200 [0m [37;104m GET   [0m /admin/info/projects
2021-10-08T11:59:08.390+0800	controller/handler.go:24	[GoAdmin] [37;44m 200 [0m [37;104m GET   [0m /admin/info/tasks
2021-10-08T11:59:53.017+0800	controller/handler.go:24	[GoAdmin] [37;44m 200 [0m [37;104m GET   [0m /admin/menu
2021-10-08T11:59:54.654+0800	controller/handler.go:24	[GoAdmin] [37;44m 200 [0m [37;104m GET   [0m /admin/menu/edit/show
2021-10-08T11:59:59.613+0800	controller/handler.go:24	[GoAdmin] [37;44m 200 [0m [37;104m POST   [0m /admin/menu/edit
2021-10-08T12:00:00.259+0800	controller/handler.go:24	[GoAdmin] [37;44m 200 [0m [37;104m GET   [0m /admin/menu
2021-10-08T12:00:00.332+0800	controller/handler.go:24	[GoAdmin] [37;44m 200 [0m [37;104m GET   [0m /admin/assets/dist/js/all.min.8425540791.js
2021-10-08T12:00:00.336+0800	controller/handler.go:24	[GoAdmin] [37;44m 200 [0m [37;104m GET   [0m /admin/assets/dist/css/all.min.79250b7051.css
2021-10-08T12:00:00.373+0800	controller/handler.go:24	[GoAdmin] [37;44m 200 [0m [37;104m GET   [0m /admin/assets/dist/js/treeview.min.7780d3bb0f.js
2021-10-08T12:00:00.380+0800	controller/handler.go:24	[GoAdmin] [37;44m 200 [0m [37;104m GET   [0m /admin/assets/dist/js/form.min.f8678914e9.js
2021-10-08T12:00:00.408+0800	controller/handler.go:24	[GoAdmin] [37;44m 200 [0m [37;104m GET   [0m /admin/assets/dist/js/datatable.min.581cdc109b.js
2021-10-08T12:00:00.410+0800	controller/handler.go:24	[GoAdmin] [37;44m 200 [0m [37;104m GET   [0m /admin/assets/chart.min.js
2021-10-08T12:00:00.410+0800	controller/handler.go:24	[GoAdmin] [37;44m 200 [0m [37;104m GET   [0m /admin/assets/dist/img/avatar04.png
2021-10-08T12:00:00.410+0800	controller/handler.go:24	[GoAdmin] [37;44m 200 [0m [37;104m GET   [0m /admin/assets/dist/js/all_2.min.38a2a946b0.js
2021-10-08T12:00:00.413+0800	controller/handler.go:24	[GoAdmin] [37;44m 200 [0m [37;104m GET   [0m /admin/assets/dist/js/tree.min.e1faf8b7de.js
2021-10-08T12:00:00.420+0800	controller/handler.go:24	[GoAdmin] [37;44m 200 [0m [37;104m GET   [0m /admin/assets/dist/fonts/fontawesome-webfont.woff2
2021-10-08T12:00:00.595+0800	controller/handler.go:24	[GoAdmin] [37;44m 200 [0m [37;104m GET   [0m /admin/assets/dist/css/fonts/6xK3dSBYKcSV-LCoeQqfX1RYOo3qOK7g.ttf
2021-10-08T12:00:01.259+0800	controller/handler.go:24	[GoAdmin] [37;44m 200 [0m [37;104m GET   [0m /admin/info/task
2021-10-08T12:00:01.290+0800	controller/handler.go:24	[GoAdmin] [37;44m 200 [0m [37;104m GET   [0m /admin/assets/dist/js/tree.min.e1faf8b7de.js
2021-10-08T12:00:01.291+0800	controller/handler.go:24	[GoAdmin] [37;44m 200 [0m [37;104m GET   [0m /admin/assets/dist/js/treeview.min.7780d3bb0f.js
2021-10-08T12:00:01.293+0800	controller/handler.go:24	[GoAdmin] [37;44m 200 [0m [37;104m GET   [0m /admin/assets/dist/js/datatable.min.581cdc109b.js
2021-10-08T12:00:01.295+0800	controller/handler.go:24	[GoAdmin] [37;44m 200 [0m [37;104m GET   [0m /admin/assets/dist/css/fonts/6xKydSBYKcSV-LCoeQqfX1RYOo3i54rwlxdr.ttf
2021-10-08T12:00:01.295+0800	controller/handler.go:24	[GoAdmin] [37;44m 200 [0m [37;104m GET   [0m /admin/assets/chart.min.js
2021-10-08T12:00:01.303+0800	controller/handler.go:24	[GoAdmin] [37;44m 200 [0m [37;104m GET   [0m /admin/assets/dist/js/form.min.f8678914e9.js
2021-10-08T12:01:23.878+0800	controller/handler.go:24	[GoAdmin] [37;44m 200 [0m [37;104m GET   [0m /admin/menu
2021-10-08T12:01:25.292+0800	controller/handler.go:24	[GoAdmin] [37;44m 200 [0m [37;104m GET   [0m /admin/menu/edit/show
2021-10-08T12:01:25.357+0800	controller/handler.go:24	[GoAdmin] [37;44m 200 [0m [37;104m GET   [0m /admin/assets/dist/css/blue@2x.png
2021-10-08T12:01:33.559+0800	controller/handler.go:24	[GoAdmin] [37;44m 200 [0m [37;104m POST   [0m /admin/menu/edit
2021-10-08T12:01:34.984+0800	controller/handler.go:24	[GoAdmin] [37;44m 200 [0m [37;104m GET   [0m /admin/menu
2021-10-08T12:01:35.042+0800	controller/handler.go:24	[GoAdmin] [37;44m 200 [0m [37;104m GET   [0m /admin/assets/dist/css/all.min.79250b7051.css
2021-10-08T12:01:35.050+0800	controller/handler.go:24	[GoAdmin] [37;44m 200 [0m [37;104m GET   [0m /admin/assets/dist/js/all.min.8425540791.js
2021-10-08T12:01:35.089+0800	controller/handler.go:24	[GoAdmin] [37;44m 200 [0m [37;104m GET   [0m /admin/assets/dist/js/treeview.min.7780d3bb0f.js
2021-10-08T12:01:35.095+0800	controller/handler.go:24	[GoAdmin] [37;44m 200 [0m [37;104m GET   [0m /admin/assets/dist/js/form.min.f8678914e9.js
2021-10-08T12:01:35.122+0800	controller/handler.go:24	[GoAdmin] [37;44m 200 [0m [37;104m GET   [0m /admin/assets/dist/js/datatable.min.581cdc109b.js
2021-10-08T12:01:35.122+0800	controller/handler.go:24	[GoAdmin] [37;44m 200 [0m [37;104m GET   [0m /admin/assets/chart.min.js
2021-10-08T12:01:35.122+0800	controller/handler.go:24	[GoAdmin] [37;44m 200 [0m [37;104m GET   [0m /admin/assets/dist/img/avatar04.png
2021-10-08T12:01:35.124+0800	controller/handler.go:24	[GoAdmin] [37;44m 200 [0m [37;104m GET   [0m /admin/assets/dist/js/all_2.min.38a2a946b0.js
2021-10-08T12:01:35.125+0800	controller/handler.go:24	[GoAdmin] [37;44m 200 [0m [37;104m GET   [0m /admin/assets/dist/js/tree.min.e1faf8b7de.js
2021-10-08T12:01:35.130+0800	controller/handler.go:24	[GoAdmin] [37;44m 200 [0m [37;104m GET   [0m /admin/assets/dist/fonts/fontawesome-webfont.woff2
2021-10-08T12:01:35.281+0800	controller/handler.go:24	[GoAdmin] [37;44m 200 [0m [37;104m GET   [0m /admin/assets/dist/css/fonts/6xK3dSBYKcSV-LCoeQqfX1RYOo3qOK7g.ttf
2021-10-08T12:01:35.960+0800	controller/handler.go:24	[GoAdmin] [37;44m 200 [0m [37;104m GET   [0m /admin/info/tasks
2021-10-08T12:01:35.988+0800	controller/handler.go:24	[GoAdmin] [37;44m 200 [0m [37;104m GET   [0m /admin/assets/dist/css/blue@2x.png
2021-10-08T12:01:35.998+0800	controller/handler.go:24	[GoAdmin] [37;44m 200 [0m [37;104m GET   [0m /admin/assets/dist/js/tree.min.e1faf8b7de.js
2021-10-08T12:01:35.999+0800	controller/handler.go:24	[GoAdmin] [37;44m 200 [0m [37;104m GET   [0m /admin/assets/dist/js/datatable.min.581cdc109b.js
2021-10-08T12:01:36.003+0800	controller/handler.go:24	[GoAdmin] [37;44m 200 [0m [37;104m GET   [0m /admin/assets/dist/js/treeview.min.7780d3bb0f.js
2021-10-08T12:01:36.007+0800	controller/handler.go:24	[GoAdmin] [37;44m 200 [0m [37;104m GET   [0m /admin/assets/chart.min.js
2021-10-08T12:01:36.012+0800	controller/handler.go:24	[GoAdmin] [37;44m 200 [0m [37;104m GET   [0m /admin/assets/dist/js/form.min.f8678914e9.js
2021-10-08T12:01:49.580+0800	controller/handler.go:24	[GoAdmin] [37;44m 200 [0m [37;104m GET   [0m /admin/info/tasks
2021-10-08T12:01:49.659+0800	controller/handler.go:24	[GoAdmin] [37;44m 200 [0m [37;104m GET   [0m /admin/assets/dist/js/all.min.8425540791.js
2021-10-08T12:01:49.663+0800	controller/handler.go:24	[GoAdmin] [37;44m 200 [0m [37;104m GET   [0m /admin/assets/dist/css/all.min.79250b7051.css
2021-10-08T12:01:49.701+0800	controller/handler.go:24	[GoAdmin] [37;44m 200 [0m [37;104m GET   [0m /admin/assets/dist/js/treeview.min.7780d3bb0f.js
2021-10-08T12:01:49.708+0800	controller/handler.go:24	[GoAdmin] [37;44m 200 [0m [37;104m GET   [0m /admin/assets/dist/js/form.min.f8678914e9.js
2021-10-08T12:01:49.731+0800	controller/handler.go:24	[GoAdmin] [37;44m 200 [0m [37;104m GET   [0m /admin/assets/dist/js/tree.min.e1faf8b7de.js
2021-10-08T12:01:49.732+0800	controller/handler.go:24	[GoAdmin] [37;44m 200 [0m [37;104m GET   [0m /admin/assets/dist/js/datatable.min.581cdc109b.js
2021-10-08T12:01:49.732+0800	controller/handler.go:24	[GoAdmin] [37;44m 200 [0m [37;104m GET   [0m /admin/assets/chart.min.js
2021-10-08T12:01:49.733+0800	controller/handler.go:24	[GoAdmin] [37;44m 200 [0m [37;104m GET   [0m /admin/assets/dist/js/all_2.min.38a2a946b0.js
2021-10-08T12:01:49.734+0800	controller/handler.go:24	[GoAdmin] [37;44m 200 [0m [37;104m GET   [0m /admin/assets/dist/img/avatar04.png
2021-10-08T12:01:49.748+0800	controller/handler.go:24	[GoAdmin] [37;44m 200 [0m [37;104m GET   [0m /admin/assets/dist/fonts/fontawesome-webfont.woff2
2021-10-08T12:01:49.881+0800	controller/handler.go:24	[GoAdmin] [37;44m 200 [0m [37;104m GET   [0m /admin/assets/dist/css/fonts/6xK3dSBYKcSV-LCoeQqfX1RYOo3qOK7g.ttf
2021-10-08T12:01:49.918+0800	controller/handler.go:24	[GoAdmin] [37;44m 200 [0m [37;104m GET   [0m /admin/assets/dist/css/blue@2x.png
2021-10-08T12:02:06.727+0800	controller/handler.go:24	[GoAdmin] [37;44m 200 [0m [37;104m GET   [0m /admin/info/tasks
2021-10-08T12:02:06.776+0800	controller/handler.go:24	[GoAdmin] [37;44m 200 [0m [37;104m GET   [0m /admin/assets/dist/js/all.min.8425540791.js
2021-10-08T12:02:06.781+0800	controller/handler.go:24	[GoAdmin] [37;44m 200 [0m [37;104m GET   [0m /admin/assets/dist/css/all.min.79250b7051.css
2021-10-08T12:02:06.815+0800	controller/handler.go:24	[GoAdmin] [37;44m 200 [0m [37;104m GET   [0m /admin/assets/dist/js/tree.min.e1faf8b7de.js
2021-10-08T12:02:06.822+0800	controller/handler.go:24	[GoAdmin] [37;44m 200 [0m [37;104m GET   [0m /admin/assets/dist/js/form.min.f8678914e9.js
2021-10-08T12:02:06.842+0800	controller/handler.go:24	[GoAdmin] [37;44m 200 [0m [37;104m GET   [0m /admin/assets/dist/js/treeview.min.7780d3bb0f.js
2021-10-08T12:02:06.846+0800	controller/handler.go:24	[GoAdmin] [37;44m 200 [0m [37;104m GET   [0m /admin/assets/chart.min.js
2021-10-08T12:02:06.846+0800	controller/handler.go:24	[GoAdmin] [37;44m 200 [0m [37;104m GET   [0m /admin/assets/dist/js/datatable.min.581cdc109b.js
2021-10-08T12:02:06.847+0800	controller/handler.go:24	[GoAdmin] [37;44m 200 [0m [37;104m GET   [0m /admin/assets/dist/js/all_2.min.38a2a946b0.js
2021-10-08T12:02:06.848+0800	controller/handler.go:24	[GoAdmin] [37;44m 200 [0m [37;104m GET   [0m /admin/assets/dist/img/avatar04.png
2021-10-08T12:02:06.852+0800	controller/handler.go:24	[GoAdmin] [37;44m 200 [0m [37;104m GET   [0m /admin/assets/dist/fonts/fontawesome-webfont.woff2
2021-10-08T12:02:06.998+0800	controller/handler.go:24	[GoAdmin] [37;44m 200 [0m [37;104m GET   [0m /admin/assets/dist/css/fonts/6xK3dSBYKcSV-LCoeQqfX1RYOo3qOK7g.ttf
2021-10-08T12:02:07.041+0800	controller/handler.go:24	[GoAdmin] [37;44m 200 [0m [37;104m GET   [0m /admin/assets/dist/css/blue@2x.png
2021-10-08T12:02:25.405+0800	controller/handler.go:24	[GoAdmin] [37;44m 200 [0m [37;104m GET   [0m /admin/info/tasks
2021-10-08T12:02:25.471+0800	controller/handler.go:24	[GoAdmin] [37;44m 200 [0m [37;104m GET   [0m /admin/assets/dist/js/all.min.8425540791.js
2021-10-08T12:02:25.476+0800	controller/handler.go:24	[GoAdmin] [37;44m 200 [0m [37;104m GET   [0m /admin/assets/dist/css/all.min.79250b7051.css
2021-10-08T12:02:25.489+0800	controller/handler.go:24	[GoAdmin] [37;44m 200 [0m [37;104m GET   [0m /admin/assets/dist/js/tree.min.e1faf8b7de.js
2021-10-08T12:02:25.493+0800	controller/handler.go:24	[GoAdmin] [37;44m 200 [0m [37;104m GET   [0m /admin/assets/dist/js/treeview.min.7780d3bb0f.js
2021-10-08T12:02:25.505+0800	controller/handler.go:24	[GoAdmin] [37;44m 200 [0m [37;104m GET   [0m /admin/assets/dist/js/datatable.min.581cdc109b.js
2021-10-08T12:02:25.535+0800	controller/handler.go:24	[GoAdmin] [37;44m 200 [0m [37;104m GET   [0m /admin/assets/dist/js/form.min.f8678914e9.js
2021-10-08T12:02:25.560+0800	controller/handler.go:24	[GoAdmin] [37;44m 200 [0m [37;104m GET   [0m /admin/assets/dist/js/all_2.min.38a2a946b0.js
2021-10-08T12:02:25.560+0800	controller/handler.go:24	[GoAdmin] [37;44m 200 [0m [37;104m GET   [0m /admin/assets/dist/img/avatar04.png
2021-10-08T12:02:25.561+0800	controller/handler.go:24	[GoAdmin] [37;44m 200 [0m [37;104m GET   [0m /admin/assets/chart.min.js
2021-10-08T12:02:25.573+0800	controller/handler.go:24	[GoAdmin] [37;44m 200 [0m [37;104m GET   [0m /admin/assets/dist/fonts/fontawesome-webfont.woff2
2021-10-08T12:02:25.748+0800	controller/handler.go:24	[GoAdmin] [37;44m 200 [0m [37;104m GET   [0m /admin/assets/dist/css/fonts/6xKydSBYKcSV-LCoeQqfX1RYOo3i54rwlxdr.ttf
2021-10-08T12:02:25.750+0800	controller/handler.go:24	[GoAdmin] [37;44m 200 [0m [37;104m GET   [0m /admin/assets/dist/css/fonts/6xK3dSBYKcSV-LCoeQqfX1RYOo3qOK7g.ttf
2021-10-08T12:02:55.606+0800	controller/handler.go:24	[GoAdmin] [37;44m 200 [0m [37;104m GET   [0m /admin/info/tasks
2021-10-08T12:02:55.891+0800	controller/handler.go:24	[GoAdmin] [37;44m 200 [0m [37;104m GET   [0m /admin/assets/dist/js/all.min.8425540791.js
2021-10-08T12:02:55.894+0800	controller/handler.go:24	[GoAdmin] [37;44m 200 [0m [37;104m GET   [0m /admin/assets/dist/css/all.min.79250b7051.css
2021-10-08T12:03:01.359+0800	controller/handler.go:24	[GoAdmin] [37;44m 200 [0m [37;104m GET   [0m /admin/assets/dist/js/datatable.min.581cdc109b.js
2021-10-08T12:03:01.390+0800	controller/handler.go:24	[GoAdmin] [37;44m 200 [0m [37;104m GET   [0m /admin/assets/chart.min.js
2021-10-08T12:03:01.404+0800	controller/handler.go:24	[GoAdmin] [37;44m 200 [0m [37;104m GET   [0m /admin/assets/dist/js/tree.min.e1faf8b7de.js
2021-10-08T12:03:01.405+0800	controller/handler.go:24	[GoAdmin] [37;44m 200 [0m [37;104m GET   [0m /admin/assets/dist/js/treeview.min.7780d3bb0f.js
2021-10-08T12:03:01.410+0800	controller/handler.go:24	[GoAdmin] [37;44m 200 [0m [37;104m GET   [0m /admin/assets/dist/js/form.min.f8678914e9.js
2021-10-08T12:03:01.959+0800	controller/handler.go:24	[GoAdmin] [37;44m 200 [0m [37;104m GET   [0m /admin/assets/dist/img/avatar04.png
2021-10-08T12:03:01.960+0800	controller/handler.go:24	[GoAdmin] [37;44m 200 [0m [37;104m GET   [0m /admin/assets/dist/js/all_2.min.38a2a946b0.js
2021-10-08T12:03:02.209+0800	controller/handler.go:24	[GoAdmin] [37;44m 200 [0m [37;104m GET   [0m /admin/assets/dist/fonts/fontawesome-webfont.woff2
2021-10-08T12:03:03.801+0800	controller/handler.go:24	[GoAdmin] [37;44m 200 [0m [37;104m GET   [0m /admin/assets/dist/css/fonts/6xK3dSBYKcSV-LCoeQqfX1RYOo3qOK7g.ttf
2021-10-08T12:03:03.832+0800	controller/handler.go:24	[GoAdmin] [37;44m 200 [0m [37;104m GET   [0m /admin/assets/dist/css/blue@2x.png
2021-10-08T12:03:35.708+0800	controller/handler.go:24	[GoAdmin] [37;44m 200 [0m [37;104m GET   [0m /admin/info/tasks
2021-10-08T12:03:35.767+0800	controller/handler.go:24	[GoAdmin] [37;44m 200 [0m [37;104m GET   [0m /admin/assets/dist/js/all.min.8425540791.js
2021-10-08T12:03:35.771+0800	controller/handler.go:24	[GoAdmin] [37;44m 200 [0m [37;104m GET   [0m /admin/assets/dist/css/all.min.79250b7051.css
2021-10-08T12:03:35.814+0800	controller/handler.go:24	[GoAdmin] [37;44m 200 [0m [37;104m GET   [0m /admin/assets/dist/js/datatable.min.581cdc109b.js
2021-10-08T12:03:35.815+0800	controller/handler.go:24	[GoAdmin] [37;44m 200 [0m [37;104m GET   [0m /admin/assets/dist/js/form.min.f8678914e9.js
2021-10-08T12:03:35.849+0800	controller/handler.go:24	[GoAdmin] [37;44m 200 [0m [37;104m GET   [0m /admin/assets/dist/js/tree.min.e1faf8b7de.js
2021-10-08T12:03:35.850+0800	controller/handler.go:24	[GoAdmin] [37;44m 200 [0m [37;104m GET   [0m /admin/assets/dist/js/treeview.min.7780d3bb0f.js
2021-10-08T12:03:35.853+0800	controller/handler.go:24	[GoAdmin] [37;44m 200 [0m [37;104m GET   [0m /admin/assets/dist/js/all_2.min.38a2a946b0.js
2021-10-08T12:03:35.853+0800	controller/handler.go:24	[GoAdmin] [37;44m 200 [0m [37;104m GET   [0m /admin/assets/dist/img/avatar04.png
2021-10-08T12:03:35.853+0800	controller/handler.go:24	[GoAdmin] [37;44m 200 [0m [37;104m GET   [0m /admin/assets/chart.min.js
2021-10-08T12:03:35.864+0800	controller/handler.go:24	[GoAdmin] [37;44m 200 [0m [37;104m GET   [0m /admin/assets/dist/fonts/fontawesome-webfont.woff2
2021-10-08T12:03:36.032+0800	controller/handler.go:24	[GoAdmin] [37;44m 200 [0m [37;104m GET   [0m /admin/assets/dist/css/fonts/6xKydSBYKcSV-LCoeQqfX1RYOo3i54rwlxdr.ttf
2021-10-08T12:03:36.034+0800	controller/handler.go:24	[GoAdmin] [37;44m 200 [0m [37;104m GET   [0m /admin/assets/dist/css/fonts/6xK3dSBYKcSV-LCoeQqfX1RYOo3qOK7g.ttf
2021-10-08T12:26:33.559+0800	controller/handler.go:24	[GoAdmin] [37;44m 200 [0m [37;104m GET   [0m /admin/info/tasks
2021-10-08T12:26:33.632+0800	controller/handler.go:24	[GoAdmin] [37;44m 200 [0m [37;104m GET   [0m /admin/assets/dist/js/all.min.8425540791.js
2021-10-08T12:26:33.636+0800	controller/handler.go:24	[GoAdmin] [37;44m 200 [0m [37;104m GET   [0m /admin/assets/dist/css/all.min.79250b7051.css
2021-10-08T12:26:33.659+0800	controller/handler.go:24	[GoAdmin] [37;44m 200 [0m [37;104m GET   [0m /admin/assets/dist/js/datatable.min.581cdc109b.js
2021-10-08T12:26:33.671+0800	controller/handler.go:24	[GoAdmin] [37;44m 200 [0m [37;104m GET   [0m /admin/assets/dist/js/treeview.min.7780d3bb0f.js
2021-10-08T12:26:33.712+0800	controller/handler.go:24	[GoAdmin] [37;44m 200 [0m [37;104m GET   [0m /admin/assets/dist/js/tree.min.e1faf8b7de.js
2021-10-08T12:26:33.715+0800	controller/handler.go:24	[GoAdmin] [37;44m 200 [0m [37;104m GET   [0m /admin/assets/chart.min.js
2021-10-08T12:26:33.735+0800	controller/handler.go:24	[GoAdmin] [37;44m 200 [0m [37;104m GET   [0m /admin/assets/dist/img/avatar04.png
2021-10-08T12:26:33.737+0800	controller/handler.go:24	[GoAdmin] [37;44m 200 [0m [37;104m GET   [0m /admin/assets/dist/js/all_2.min.38a2a946b0.js
2021-10-08T12:26:33.740+0800	controller/handler.go:24	[GoAdmin] [37;44m 200 [0m [37;104m GET   [0m /admin/assets/dist/fonts/fontawesome-webfont.woff2
2021-10-08T12:26:33.741+0800	controller/handler.go:24	[GoAdmin] [37;44m 200 [0m [37;104m GET   [0m /admin/assets/dist/js/form.min.f8678914e9.js
2021-10-08T12:26:33.895+0800	controller/handler.go:24	[GoAdmin] [37;44m 200 [0m [37;104m GET   [0m /admin/assets/dist/css/fonts/6xK3dSBYKcSV-LCoeQqfX1RYOo3qOK7g.ttf
2021-10-08T12:26:33.936+0800	controller/handler.go:24	[GoAdmin] [37;44m 200 [0m [37;104m GET   [0m /admin/assets/dist/css/blue@2x.png
2021-10-08T12:26:37.423+0800	controller/handler.go:24	[GoAdmin] [37;44m 200 [0m [37;104m GET   [0m /admin/info/tasks/new
2021-10-08T12:26:37.451+0800	controller/handler.go:24	[GoAdmin] [37;44m 200 [0m [37;104m GET   [0m /admin/assets/dist/js/tree.min.e1faf8b7de.js
2021-10-08T12:26:37.451+0800	controller/handler.go:24	[GoAdmin] [37;44m 200 [0m [37;104m GET   [0m /admin/assets/dist/js/treeview.min.7780d3bb0f.js
2021-10-08T12:26:37.460+0800	controller/handler.go:24	[GoAdmin] [37;44m 200 [0m [37;104m GET   [0m /admin/assets/dist/js/datatable.min.581cdc109b.js
2021-10-08T12:26:37.462+0800	controller/handler.go:24	[GoAdmin] [37;44m 200 [0m [37;104m GET   [0m /admin/assets/chart.min.js
2021-10-08T12:26:37.465+0800	controller/handler.go:24	[GoAdmin] [37;44m 200 [0m [37;104m GET   [0m /admin/assets/dist/js/form.min.f8678914e9.js
2021-10-08T12:28:13.599+0800	controller/handler.go:24	[GoAdmin] [37;44m 200 [0m [37;104m POST   [0m /admin/new/tasks
2021-10-08T12:31:36.203+0800	controller/handler.go:24	[GoAdmin] [37;44m 200 [0m [37;104m GET   [0m /admin/info/tasks
2021-10-08T12:35:06.581+0800	controller/handler.go:24	[GoAdmin] [37;44m 200 [0m [37;104m GET   [0m /admin/info/tasks
2021-10-08T12:37:30.547+0800	controller/handler.go:24	[GoAdmin] [37;44m 200 [0m [37;104m GET   [0m /admin/info/tasks
2021-10-08T12:37:54.867+0800	controller/handler.go:24	[GoAdmin] [37;44m 200 [0m [37;104m POST   [0m /admin/operation/_see_more_example
2021-10-08T12:43:06.335+0800	controller/handler.go:24	[GoAdmin] [37;44m 200 [0m [37;104m GET   [0m /admin/info/tasks
2021-10-08T12:45:14.733+0800	controller/handler.go:24	[GoAdmin] [37;44m 200 [0m [37;104m GET   [0m /admin/info/tasks
2021-10-08T12:45:15.146+0800	controller/handler.go:24	[GoAdmin] [37;44m 200 [0m [37;104m GET   [0m /admin/info/tasks
2021-10-08T12:51:05.759+0800	controller/handler.go:24	[GoAdmin] [37;44m 200 [0m [37;104m GET   [0m /admin/info/tasks
2021-10-08T12:51:07.175+0800	controller/handler.go:24	[GoAdmin] [37;44m 200 [0m [37;104m GET   [0m /admin/info/tasks
2021-10-08T12:51:14.840+0800	controller/handler.go:24	[GoAdmin] [37;44m 200 [0m [37;104m GET   [0m /admin/info/tasks/detail
2021-10-08T12:51:16.691+0800	controller/handler.go:24	[GoAdmin] [37;44m 200 [0m [37;104m GET   [0m /admin/info/tasks
2021-10-08T12:52:08.694+0800	controller/handler.go:24	[GoAdmin] [37;44m 200 [0m [37;104m GET   [0m /admin/info/tasks
2021-10-08T12:52:34.185+0800	controller/handler.go:24	[GoAdmin] [37;44m 200 [0m [37;104m GET   [0m /admin/info/tasks
2021-10-08T12:52:56.615+0800	controller/handler.go:24	[GoAdmin] [37;44m 200 [0m [37;104m POST   [0m /admin/operation/_see_more_example
2021-10-08T12:54:45.310+0800	controller/handler.go:24	[GoAdmin] [37;44m 200 [0m [37;104m GET   [0m /admin/info/tasks/new
2021-10-08T12:59:19.230+0800	controller/handler.go:24	[GoAdmin] [37;44m 200 [0m [37;104m GET   [0m /admin/info/tasks/new
2021-10-08T12:59:51.090+0800	controller/handler.go:24	[GoAdmin] [37;44m 200 [0m [37;104m GET   [0m /admin/info/tasks/new
2021-10-08T12:59:57.330+0800	controller/handler.go:24	[GoAdmin] [37;44m 200 [0m [37;104m GET   [0m /admin/info/tasks
2021-10-08T12:59:58.888+0800	controller/handler.go:24	[GoAdmin] [37;44m 200 [0m [37;104m GET   [0m /admin/info/tasks/edit
2021-10-08T13:00:10.954+0800	controller/handler.go:24	[GoAdmin] [37;44m 200 [0m [37;104m POST   [0m /admin/edit/tasks
2021-10-08T13:00:13.511+0800	controller/handler.go:24	[GoAdmin] [37;44m 200 [0m [37;104m GET   [0m /admin/info/tasks/edit
2021-10-08T13:01:13.050+0800	controller/handler.go:24	[GoAdmin] [37;44m 200 [0m [37;104m GET   [0m /admin/info/tasks
2021-10-08T13:01:13.744+0800	controller/handler.go:24	[GoAdmin] [37;44m 200 [0m [37;104m GET   [0m /admin/info/tasks
2021-10-08T13:23:11.576+0800	controller/handler.go:24	[GoAdmin] [37;44m 200 [0m [37;104m GET   [0m /admin/info/tasks
2021-10-08T13:23:14.275+0800	controller/handler.go:24	[GoAdmin] [37;44m 200 [0m [37;104m GET   [0m /admin/info/tasks/new
2021-10-08T13:24:27.009+0800	controller/handler.go:24	[GoAdmin] [37;44m 200 [0m [37;104m POST   [0m /admin/new/tasks
2021-10-08T13:24:41.763+0800	controller/handler.go:24	[GoAdmin] [37;44m 200 [0m [37;104m GET   [0m /admin/info/tasks
2021-10-08T13:25:08.835+0800	controller/handler.go:24	[GoAdmin] [37;44m 200 [0m [37;104m POST   [0m /admin/operation/_see_more_example
2021-10-08T13:26:56.308+0800	controller/handler.go:24	[GoAdmin] [37;44m 200 [0m [37;104m GET   [0m /admin/info/tasks
2021-10-08T13:26:57.832+0800	controller/handler.go:24	[GoAdmin] [37;44m 200 [0m [37;104m POST   [0m /admin/operation/_task_start
2021-10-08T13:27:10.598+0800	controller/handler.go:24	[GoAdmin] [37;44m 200 [0m [37;104m GET   [0m /admin/info/tasks
2021-10-08T13:27:11.581+0800	controller/handler.go:24	[GoAdmin] [37;44m 200 [0m [37;104m POST   [0m /admin/operation/_task_start
2021-10-08T13:27:30.473+0800	controller/handler.go:24	[GoAdmin] [37;44m 200 [0m [37;104m GET   [0m /admin/info/tasks
2021-10-08T13:27:33.260+0800	controller/handler.go:24	[GoAdmin] [37;44m 200 [0m [37;104m POST   [0m /admin/operation/_task_start
2021-10-08T13:29:27.736+0800	controller/handler.go:24	[GoAdmin] [37;44m 200 [0m [37;104m GET   [0m /admin/info/tasks
2021-10-08T13:29:28.938+0800	controller/handler.go:24	[GoAdmin] [37;44m 200 [0m [37;104m POST   [0m /admin/operation/_task_start
2021-10-08T13:35:11.958+0800	controller/handler.go:24	[GoAdmin] [37;44m 200 [0m [37;104m GET   [0m /admin/info/tasks
2021-10-08T13:35:14.390+0800	controller/handler.go:24	[GoAdmin] [37;44m 200 [0m [37;104m GET   [0m /admin/assets/dist/img/loading.gif
2021-10-08T13:35:14.399+0800	controller/handler.go:24	[GoAdmin] [37;44m 200 [0m [37;104m GET   [0m /admin/assets/dist/fonts/glyphicons-halflings-regular.woff2
2021-10-08T13:43:18.935+0800	controller/handler.go:24	[GoAdmin] [37;44m 200 [0m [37;104m GET   [0m /admin/info/tasks
2021-10-08T13:43:26.326+0800	controller/handler.go:24	[GoAdmin] [37;44m 200 [0m [37;104m GET   [0m /admin/info/tasks
2021-10-08T13:43:37.943+0800	controller/handler.go:24	[GoAdmin] [37;44m 500 [0m [37;104m POST   [0m /admin/update/tasks
2021-10-08T13:44:15.451+0800	controller/handler.go:24	[GoAdmin] [37;44m 200 [0m [37;104m GET   [0m /admin/info/tasks
2021-10-08T13:44:48.744+0800	controller/handler.go:24	[GoAdmin] [37;44m 500 [0m [37;104m POST   [0m /admin/update/tasks
2021-10-08T13:47:24.200+0800	controller/handler.go:24	[GoAdmin] [37;44m 200 [0m [37;104m GET   [0m /admin/info/tasks
2021-10-08T13:47:27.359+0800	controller/handler.go:24	[GoAdmin] [37;44m 500 [0m [37;104m POST   [0m /admin/update/tasks
2021-10-08T13:48:11.191+0800	controller/handler.go:24	[GoAdmin] [37;44m 500 [0m [37;104m POST   [0m /admin/update/tasks
2021-10-08T13:48:35.080+0800	controller/handler.go:24	[GoAdmin] [37;44m 500 [0m [37;104m POST   [0m /admin/update/tasks
2021-10-08T13:56:07.529+0800	controller/handler.go:24	[GoAdmin] [37;44m 302 [0m [37;104m GET   [0m /admin/info/tasks
2021-10-08T13:56:07.535+0800	controller/handler.go:24	[GoAdmin] [37;44m 200 [0m [37;104m GET   [0m /admin/login
2021-10-08T13:56:12.232+0800	controller/handler.go:24	[GoAdmin] [37;44m 200 [0m [37;104m POST   [0m /admin/signin
2021-10-08T13:56:12.243+0800	controller/handler.go:24	[GoAdmin] [37;44m 200 [0m [37;104m GET   [0m /admin/login
2021-10-08T13:56:16.391+0800	controller/handler.go:24	[GoAdmin] [37;44m 200 [0m [37;104m POST   [0m /admin/signin
2021-10-08T13:56:18.972+0800	controller/handler.go:24	[GoAdmin] [37;44m 200 [0m [37;104m GET   [0m /admin/info/projects
2021-10-08T13:56:22.995+0800	controller/handler.go:24	[GoAdmin] [37;44m 200 [0m [37;104m GET   [0m /admin/info/tasks
2021-10-08T13:56:28.138+0800	controller/handler.go:24	[GoAdmin] [37;44m 500 [0m [37;104m POST   [0m /admin/update/tasks
2021-10-08T13:59:31.642+0800	controller/handler.go:24	[GoAdmin] [37;44m 200 [0m [37;104m GET   [0m /admin/info/tasks/edit
2021-10-08T13:59:35.510+0800	controller/handler.go:24	[GoAdmin] [37;44m 200 [0m [37;104m POST   [0m /admin/edit/tasks
2021-10-08T13:59:38.814+0800	controller/handler.go:24	[GoAdmin] [37;44m 200 [0m [37;104m GET   [0m /admin/info/tasks/edit
2021-10-08T13:59:49.688+0800	controller/handler.go:24	[GoAdmin] [37;44m 200 [0m [37;104m POST   [0m /admin/edit/tasks
2021-10-08T14:00:03.938+0800	controller/handler.go:24	[GoAdmin] [37;44m 200 [0m [37;104m GET   [0m /admin/info/tasks/edit
2021-10-08T14:01:38.516+0800	controller/handler.go:24	[GoAdmin] [37;44m 200 [0m [37;104m GET   [0m /admin/info/tasks/edit
2021-10-08T14:01:42.157+0800	controller/handler.go:24	[GoAdmin] [37;44m 200 [0m [37;104m POST   [0m /admin/edit/tasks
2021-10-08T14:01:43.854+0800	controller/handler.go:24	[GoAdmin] [37;44m 200 [0m [37;104m GET   [0m /admin/info/tasks/edit
2021-10-08T14:03:50.821+0800	controller/handler.go:24	[GoAdmin] [37;44m 200 [0m [37;104m GET   [0m /admin/info/tasks/edit
2021-10-08T14:03:53.751+0800	controller/handler.go:24	[GoAdmin] [37;44m 200 [0m [37;104m POST   [0m /admin/edit/tasks
2021-10-08T14:05:02.802+0800	controller/handler.go:24	[GoAdmin] [37;44m 500 [0m [37;104m POST   [0m /admin/update/tasks
2021-10-08T14:05:59.207+0800	controller/handler.go:24	[GoAdmin] [37;44m 200 [0m [37;104m POST   [0m /admin/delete/tasks
2021-10-08T14:05:59.232+0800	controller/handler.go:24	[GoAdmin] [37;44m 200 [0m [37;104m GET   [0m /admin/info/tasks
2021-10-08T14:06:01.374+0800	controller/handler.go:24	[GoAdmin] [37;44m 200 [0m [37;104m GET   [0m /admin/info/tasks/new
2021-10-08T14:06:37.380+0800	controller/handler.go:24	[GoAdmin] [37;44m 200 [0m [37;104m POST   [0m /admin/new/tasks
2021-10-08T14:06:50.067+0800	controller/handler.go:24	[GoAdmin] [37;44m 200 [0m [37;104m GET   [0m /admin/info/tasks
2021-10-08T14:06:51.941+0800	controller/handler.go:24	[GoAdmin] [37;44m 200 [0m [37;104m GET   [0m /admin/info/tasks/edit
2021-10-08T14:06:53.383+0800	controller/handler.go:24	[GoAdmin] [37;44m 200 [0m [37;104m GET   [0m /admin/info/tasks
2021-10-08T14:06:57.275+0800	controller/handler.go:24	[GoAdmin] [37;44m 200 [0m [37;104m POST   [0m /admin/update/tasks
2021-10-08T14:06:58.463+0800	controller/handler.go:24	[GoAdmin] [37;44m 200 [0m [37;104m GET   [0m /admin/info/tasks
2021-10-08T14:07:01.933+0800	controller/handler.go:24	[GoAdmin] [37;44m 200 [0m [37;104m GET   [0m /admin/info/tasks
2021-10-08T14:07:14.216+0800	controller/handler.go:24	[GoAdmin] [37;44m 200 [0m [37;104m POST   [0m /admin/update/tasks
2021-10-08T14:14:37.786+0800	controller/handler.go:24	[GoAdmin] [37;44m 200 [0m [37;104m GET   [0m /admin/info/tasks
2021-10-08T14:14:42.130+0800	controller/handler.go:24	[GoAdmin] [37;44m 200 [0m [37;104m POST   [0m /admin/update/tasks
2021-10-08T14:14:44.378+0800	controller/handler.go:24	[GoAdmin] [37;44m 200 [0m [37;104m GET   [0m /admin/info/tasks/edit
2021-10-08T14:15:00.425+0800	controller/handler.go:24	[GoAdmin] [37;44m 200 [0m [37;104m GET   [0m /admin/info/tasks
2021-10-08T14:27:16.588+0800	controller/handler.go:24	[GoAdmin] [37;44m 200 [0m [37;104m GET   [0m /admin/info/tasks
2021-10-08T14:27:41.045+0800	controller/handler.go:24	[GoAdmin] [37;44m 200 [0m [37;104m GET   [0m /admin/info/tasks
2021-10-08T14:28:00.068+0800	controller/handler.go:24	[GoAdmin] [37;44m 200 [0m [37;104m GET   [0m /admin/info/tasks
2021-10-08T14:28:09.734+0800	controller/handler.go:24	[GoAdmin] [37;44m 200 [0m [37;104m GET   [0m /admin/info/tasks/edit
2021-10-08T14:28:17.435+0800	controller/handler.go:24	[GoAdmin] [37;44m 200 [0m [37;104m GET   [0m /admin/info/tasks
2021-10-08T14:28:58.864+0800	controller/handler.go:24	[GoAdmin] [37;44m 200 [0m [37;104m GET   [0m /admin/info/tasks
2021-10-08T14:29:35.536+0800	controller/handler.go:24	[GoAdmin] [37;44m 200 [0m [37;104m GET   [0m /admin/info/tasks
2021-10-08T14:30:49.218+0800	controller/handler.go:24	[GoAdmin] [37;44m 200 [0m [37;104m GET   [0m /admin/info/tasks
2021-10-08T14:32:32.451+0800	controller/handler.go:24	[GoAdmin] [37;44m 200 [0m [37;104m GET   [0m /admin/info/tasks
2021-10-08T14:34:38.711+0800	controller/handler.go:24	[GoAdmin] [37;44m 200 [0m [37;104m GET   [0m /admin/info/tasks
2021-10-08T14:35:30.834+0800	controller/handler.go:24	[GoAdmin] [37;44m 200 [0m [37;104m GET   [0m /admin/info/tasks
2021-10-08T14:38:06.958+0800	controller/handler.go:24	[GoAdmin] [37;44m 200 [0m [37;104m GET   [0m /admin/info/tasks/edit
2021-10-08T14:38:46.956+0800	controller/handler.go:24	[GoAdmin] [37;44m 200 [0m [37;104m POST   [0m /admin/edit/tasks
2021-10-08T14:38:50.321+0800	controller/handler.go:24	[GoAdmin] [37;44m 200 [0m [37;104m GET   [0m /admin/info/tasks/edit
2021-10-08T14:38:53.155+0800	controller/handler.go:24	[GoAdmin] [37;44m 200 [0m [37;104m GET   [0m /admin/info/tasks
2021-10-08T14:42:06.483+0800	controller/handler.go:24	[GoAdmin] [37;44m 200 [0m [37;104m GET   [0m /admin/info/tasks/new
2021-10-08T14:42:41.137+0800	controller/handler.go:24	[GoAdmin] [37;44m 200 [0m [37;104m POST   [0m /admin/new/tasks
2021-10-08T14:48:33.324+0800	controller/handler.go:24	[GoAdmin] [37;44m 200 [0m [37;104m GET   [0m /admin/info/tasks/new
2021-10-08T14:48:49.190+0800	controller/handler.go:24	[GoAdmin] [37;44m 200 [0m [37;104m POST   [0m /admin/new/tasks
2021-10-08T14:48:53.781+0800	controller/handler.go:24	[GoAdmin] [37;44m 200 [0m [37;104m POST   [0m /admin/update/tasks
2021-10-08T14:48:55.183+0800	controller/handler.go:24	[GoAdmin] [37;44m 200 [0m [37;104m GET   [0m /admin/info/tasks/edit
2021-10-08T14:48:59.562+0800	controller/handler.go:24	[GoAdmin] [37;44m 200 [0m [37;104m POST   [0m /admin/edit/tasks
2021-10-08T14:59:26.770+0800	controller/handler.go:24	[GoAdmin] [37;44m 200 [0m [37;104m GET   [0m /admin/info/projects
2021-10-08T14:59:30.399+0800	controller/handler.go:24	[GoAdmin] [37;44m 200 [0m [37;104m GET   [0m /admin/info/tasks
2021-10-08T14:59:34.862+0800	controller/handler.go:24	[GoAdmin] [37;44m 302 [0m [37;104m GET   [0m /admin/logout
2021-10-08T14:59:34.866+0800	controller/handler.go:24	[GoAdmin] [37;44m 200 [0m [37;104m GET   [0m /admin/login
2021-10-08T14:59:39.678+0800	controller/handler.go:24	[GoAdmin] [37;44m 200 [0m [37;104m POST   [0m /admin/signin
2021-10-08T15:01:07.183+0800	controller/handler.go:24	[GoAdmin] [37;44m 200 [0m [37;104m POST   [0m /admin/signin
2021-10-08T15:01:08.561+0800	controller/handler.go:24	[GoAdmin] [37;44m 200 [0m [37;104m GET   [0m /admin/info/tasks
2021-10-08T15:02:01.120+0800	controller/handler.go:24	[GoAdmin] [37;44m 200 [0m [37;104m GET   [0m /admin/info/projects
2021-10-08T15:11:43.168+0800	controller/handler.go:24	[GoAdmin] [37;44m 200 [0m [37;104m GET   [0m /admin/info/projects
2021-10-08T15:11:46.022+0800	controller/handler.go:24	[GoAdmin] [37;44m 200 [0m [37;104m POST   [0m /admin/operation/_admin_audit
2021-10-08T15:12:26.864+0800	controller/handler.go:24	[GoAdmin] [37;44m 200 [0m [37;104m GET   [0m /admin/info/projects
2021-10-08T15:12:28.636+0800	controller/handler.go:24	[GoAdmin] [37;44m 200 [0m [37;104m POST   [0m /admin/operation/_admin_audit
2021-10-08T15:17:55.626+0800	controller/handler.go:24	[GoAdmin] [37;44m 200 [0m [37;104m GET   [0m /admin/info/projects
2021-10-08T15:17:59.431+0800	controller/handler.go:24	[GoAdmin] [37;44m 200 [0m [37;104m GET   [0m /admin/info/tasks
2021-10-08T15:18:36.300+0800	controller/handler.go:24	[GoAdmin] [37;44m 200 [0m [37;104m GET   [0m /admin/info/tasks
2021-10-08T15:18:36.717+0800	controller/handler.go:24	[GoAdmin] [37;44m 200 [0m [37;104m GET   [0m /admin/info/projects
2021-10-08T15:18:45.127+0800	controller/handler.go:24	[GoAdmin] [37;44m 200 [0m [37;104m POST   [0m /admin/operation/_admin_audit
2021-10-08T15:20:42.367+0800	controller/handler.go:24	[GoAdmin] [37;44m 200 [0m [37;104m GET   [0m /admin/info/projects
2021-10-08T15:20:44.827+0800	controller/handler.go:24	[GoAdmin] [37;44m 200 [0m [37;104m POST   [0m /admin/operation/_admin_audit
2021-10-08T15:21:15.206+0800	controller/handler.go:24	[GoAdmin] [37;44m 200 [0m [37;104m GET   [0m /admin/info/projects
2021-10-08T15:21:15.855+0800	controller/handler.go:24	[GoAdmin] [37;44m 200 [0m [37;104m GET   [0m /admin/info/tasks
2021-10-08T15:30:23.092+0800	controller/handler.go:24	[GoAdmin] [37;44m 200 [0m [37;104m GET   [0m /admin/info/tasks
2021-10-08T15:30:27.789+0800	controller/handler.go:24	[GoAdmin] [37;44m 200 [0m [37;104m POST   [0m /admin/update/tasks
2021-10-08T15:30:29.578+0800	controller/handler.go:24	[GoAdmin] [37;44m 200 [0m [37;104m GET   [0m /admin/info/tasks
2021-10-08T15:30:30.479+0800	controller/handler.go:24	[GoAdmin] [37;44m 200 [0m [37;104m GET   [0m /admin/info/tasks/edit
2021-10-08T15:30:32.069+0800	controller/handler.go:24	[GoAdmin] [37;44m 200 [0m [37;104m GET   [0m /admin/info/tasks
2021-10-08T15:32:06.448+0800	controller/handler.go:24	[GoAdmin] [37;44m 200 [0m [37;104m GET   [0m /admin/info/tasks
2021-10-08T15:32:13.473+0800	controller/handler.go:24	[GoAdmin] [37;44m 200 [0m [37;104m GET   [0m /admin/info/tasks
2021-10-08T15:32:14.869+0800	controller/handler.go:24	[GoAdmin] [37;44m 200 [0m [37;104m GET   [0m /admin/info/projects
2021-10-08T15:32:20.471+0800	controller/handler.go:24	[GoAdmin] [37;44m 200 [0m [37;104m POST   [0m /admin/operation/_admin_audit
2021-10-08T15:33:19.070+0800	controller/handler.go:24	[GoAdmin] [37;44m 400 [0m [37;104m POST   [0m /admin/operation/_admin_audit
2021-10-08T15:34:31.463+0800	controller/handler.go:24	[GoAdmin] [37;44m 200 [0m [37;104m GET   [0m /admin/info/projects
2021-10-08T15:34:32.877+0800	controller/handler.go:24	[GoAdmin] [37;44m 200 [0m [37;104m POST   [0m /admin/operation/_admin_audit
2021-10-08T15:44:51.945+0800	controller/handler.go:24	[GoAdmin] [37;44m 200 [0m [37;104m GET   [0m /admin/info/tasks
2021-10-08T15:45:01.888+0800	controller/handler.go:24	[GoAdmin] [37;44m 200 [0m [37;104m POST   [0m /admin/update/tasks
2021-10-08T15:45:03.040+0800	controller/handler.go:24	[GoAdmin] [37;44m 200 [0m [37;104m GET   [0m /admin/info/tasks/edit
2021-10-08T15:45:06.571+0800	controller/handler.go:24	[GoAdmin] [37;44m 200 [0m [37;104m GET   [0m /admin/info/tasks
2021-10-08T15:46:18.356+0800	controller/handler.go:24	[GoAdmin] [37;44m 200 [0m [37;104m GET   [0m /admin/info/tasks
2021-10-08T15:46:20.173+0800	controller/handler.go:24	[GoAdmin] [37;44m 200 [0m [37;104m GET   [0m /admin/info/projects
2021-10-08T15:46:22.406+0800	controller/handler.go:24	[GoAdmin] [37;44m 200 [0m [37;104m POST   [0m /admin/operation/_admin_audit
2021-10-08T16:02:49.043+0800	controller/handler.go:24	[GoAdmin] [37;44m 200 [0m [37;104m GET   [0m /admin/info/projects
2021-10-08T16:02:50.812+0800	controller/handler.go:24	[GoAdmin] [37;44m 500 [0m [37;104m POST   [0m /admin/operation/_admin_audit
2021-10-08T16:06:31.933+0800	controller/handler.go:24	[GoAdmin] [37;44m 200 [0m [37;104m GET   [0m /admin/info/projects
2021-10-08T16:06:34.088+0800	controller/handler.go:24	[GoAdmin] [37;44m 200 [0m [37;104m POST   [0m /admin/operation/_admin_audit
2021-10-08T16:07:18.106+0800	controller/handler.go:24	[GoAdmin] [37;44m 200 [0m [37;104m GET   [0m /admin/info/projects
2021-10-08T16:07:20.170+0800	controller/handler.go:24	[GoAdmin] [37;44m 200 [0m [37;104m POST   [0m /admin/operation/_admin_audit
2021-10-08T16:09:17.671+0800	controller/handler.go:24	[GoAdmin] [37;44m 200 [0m [37;104m GET   [0m /admin/info/projects
2021-10-08T16:09:19.683+0800	controller/handler.go:24	[GoAdmin] [37;44m 200 [0m [37;104m POST   [0m /admin/operation/_admin_audit
2021-10-08T16:11:52.885+0800	controller/handler.go:24	[GoAdmin] [37;44m 200 [0m [37;104m GET   [0m /admin/info/projects
2021-10-08T16:11:54.564+0800	controller/handler.go:24	[GoAdmin] [37;44m 200 [0m [37;104m POST   [0m /admin/operation/_admin_audit
