2021-09-10T10:33:29.209+0800	[34mINFO[0m	engine/engine.go:402	=====> 初始化数据库连接
2021-09-10T13:02:48.880+0800	[34mINFO[0m	engine/engine.go:402	=====> 初始化数据库连接
2021-10-08T11:26:20.255+0800	[34mINFO[0m	engine/engine.go:402	=====> 初始化数据库连接
2021-10-08T11:50:00.596+0800	[34mINFO[0m	engine/engine.go:402	=====> 初始化数据库连接
2021-10-08T11:50:00.599+0800	[34mINFO[0m	engine/engine.go:402	=====> 初始化配置
2021-10-08T11:50:00.632+0800	[34mINFO[0m	engine/engine.go:402	=====> 初始化导航栏按钮
2021-10-08T11:50:00.632+0800	[34mINFO[0m	engine/engine.go:402	=====> 初始化插件
2021-10-08T11:50:00.632+0800	[34mINFO[0m	engine/engine.go:402	=====> 初始化成功🍺🍺
2021-10-08T11:52:09.120+0800	[34mINFO[0m	engine/engine.go:402	=====> 初始化数据库连接
2021-10-08T11:52:09.123+0800	[34mINFO[0m	engine/engine.go:402	=====> 初始化配置
2021-10-08T11:52:09.125+0800	[34mINFO[0m	engine/engine.go:402	=====> 初始化导航栏按钮
2021-10-08T11:52:09.126+0800	[34mINFO[0m	engine/engine.go:402	=====> 初始化插件
2021-10-08T11:52:09.126+0800	[34mINFO[0m	engine/engine.go:402	=====> 初始化成功🍺🍺
2021-10-08T11:54:58.222+0800	[34mINFO[0m	engine/engine.go:402	=====> 初始化数据库连接
2021-10-08T11:54:58.225+0800	[34mINFO[0m	engine/engine.go:402	=====> 初始化配置
2021-10-08T11:54:58.227+0800	[34mINFO[0m	engine/engine.go:402	=====> 初始化导航栏按钮
2021-10-08T11:54:58.227+0800	[34mINFO[0m	engine/engine.go:402	=====> 初始化插件
2021-10-08T11:54:58.228+0800	[34mINFO[0m	engine/engine.go:402	=====> 初始化成功🍺🍺
2021-10-08T11:56:29.033+0800	[34mINFO[0m	engine/engine.go:402	=====> 初始化数据库连接
2021-10-08T11:56:29.035+0800	[34mINFO[0m	engine/engine.go:402	=====> 初始化配置
2021-10-08T11:56:29.038+0800	[34mINFO[0m	engine/engine.go:402	=====> 初始化导航栏按钮
2021-10-08T11:56:29.038+0800	[34mINFO[0m	engine/engine.go:402	=====> 初始化插件
2021-10-08T11:56:29.038+0800	[34mINFO[0m	engine/engine.go:402	=====> 初始化成功🍺🍺
2021-10-08T11:58:34.080+0800	[34mINFO[0m	engine/engine.go:402	=====> 初始化数据库连接
2021-10-08T11:58:34.083+0800	[34mINFO[0m	engine/engine.go:402	=====> 初始化配置
2021-10-08T11:58:34.086+0800	[34mINFO[0m	engine/engine.go:402	=====> 初始化导航栏按钮
2021-10-08T11:58:34.086+0800	[34mINFO[0m	engine/engine.go:402	=====> 初始化插件
2021-10-08T11:58:34.087+0800	[34mINFO[0m	engine/engine.go:402	=====> 初始化成功🍺🍺
2021-10-08T11:58:58.397+0800	[34mINFO[0m	engine/engine.go:402	=====> 初始化数据库连接
2021-10-08T11:58:58.399+0800	[34mINFO[0m	engine/engine.go:402	=====> 初始化配置
2021-10-08T11:58:58.401+0800	[34mINFO[0m	engine/engine.go:402	=====> 初始化导航栏按钮
2021-10-08T11:58:58.401+0800	[34mINFO[0m	engine/engine.go:402	=====> 初始化插件
2021-10-08T11:58:58.402+0800	[34mINFO[0m	engine/engine.go:402	=====> 初始化成功🍺🍺
2021-10-08T11:59:50.099+0800	[34mINFO[0m	engine/engine.go:402	=====> 初始化数据库连接
2021-10-08T11:59:50.101+0800	[34mINFO[0m	engine/engine.go:402	=====> 初始化配置
2021-10-08T11:59:50.103+0800	[34mINFO[0m	engine/engine.go:402	=====> 初始化导航栏按钮
2021-10-08T11:59:50.103+0800	[34mINFO[0m	engine/engine.go:402	=====> 初始化插件
2021-10-08T11:59:50.103+0800	[34mINFO[0m	engine/engine.go:402	=====> 初始化成功🍺🍺
2021-10-08T12:01:19.822+0800	[34mINFO[0m	engine/engine.go:402	=====> 初始化数据库连接
2021-10-08T12:01:19.825+0800	[34mINFO[0m	engine/engine.go:402	=====> 初始化配置
2021-10-08T12:01:19.828+0800	[34mINFO[0m	engine/engine.go:402	=====> 初始化导航栏按钮
2021-10-08T12:01:19.829+0800	[34mINFO[0m	engine/engine.go:402	=====> 初始化插件
2021-10-08T12:01:19.829+0800	[34mINFO[0m	engine/engine.go:402	=====> 初始化成功🍺🍺
2021-10-08T12:01:47.117+0800	[34mINFO[0m	engine/engine.go:402	=====> 初始化数据库连接
2021-10-08T12:01:47.120+0800	[34mINFO[0m	engine/engine.go:402	=====> 初始化配置
2021-10-08T12:01:47.122+0800	[34mINFO[0m	engine/engine.go:402	=====> 初始化导航栏按钮
2021-10-08T12:01:47.122+0800	[34mINFO[0m	engine/engine.go:402	=====> 初始化插件
2021-10-08T12:01:47.122+0800	[34mINFO[0m	engine/engine.go:402	=====> 初始化成功🍺🍺
2021-10-08T12:02:05.276+0800	[34mINFO[0m	engine/engine.go:402	=====> 初始化数据库连接
2021-10-08T12:02:05.278+0800	[34mINFO[0m	engine/engine.go:402	=====> 初始化配置
2021-10-08T12:02:05.280+0800	[34mINFO[0m	engine/engine.go:402	=====> 初始化导航栏按钮
2021-10-08T12:02:05.280+0800	[34mINFO[0m	engine/engine.go:402	=====> 初始化插件
2021-10-08T12:02:05.281+0800	[34mINFO[0m	engine/engine.go:402	=====> 初始化成功🍺🍺
2021-10-08T12:02:14.785+0800	[34mINFO[0m	engine/engine.go:402	=====> 初始化数据库连接
2021-10-08T12:02:14.787+0800	[34mINFO[0m	engine/engine.go:402	=====> 初始化配置
2021-10-08T12:02:14.789+0800	[34mINFO[0m	engine/engine.go:402	=====> 初始化导航栏按钮
2021-10-08T12:02:14.789+0800	[34mINFO[0m	engine/engine.go:402	=====> 初始化插件
2021-10-08T12:02:14.789+0800	[34mINFO[0m	engine/engine.go:402	=====> 初始化成功🍺🍺
2021-10-08T12:02:41.278+0800	[34mINFO[0m	engine/engine.go:402	=====> 初始化数据库连接
2021-10-08T12:02:41.281+0800	[34mINFO[0m	engine/engine.go:402	=====> 初始化配置
2021-10-08T12:02:41.282+0800	[34mINFO[0m	engine/engine.go:402	=====> 初始化导航栏按钮
2021-10-08T12:02:41.283+0800	[34mINFO[0m	engine/engine.go:402	=====> 初始化插件
2021-10-08T12:02:41.283+0800	[34mINFO[0m	engine/engine.go:402	=====> 初始化成功🍺🍺
2021-10-08T12:03:34.433+0800	[34mINFO[0m	engine/engine.go:402	=====> 初始化数据库连接
2021-10-08T12:03:34.435+0800	[34mINFO[0m	engine/engine.go:402	=====> 初始化配置
2021-10-08T12:03:34.437+0800	[34mINFO[0m	engine/engine.go:402	=====> 初始化导航栏按钮
2021-10-08T12:03:34.437+0800	[34mINFO[0m	engine/engine.go:402	=====> 初始化插件
2021-10-08T12:03:34.437+0800	[34mINFO[0m	engine/engine.go:402	=====> 初始化成功🍺🍺
2021-10-08T12:07:59.787+0800	[34mINFO[0m	engine/engine.go:402	=====> 初始化数据库连接
2021-10-08T12:07:59.788+0800	[34mINFO[0m	engine/engine.go:402	=====> 初始化配置
2021-10-08T12:07:59.790+0800	[34mINFO[0m	engine/engine.go:402	=====> 初始化导航栏按钮
2021-10-08T12:07:59.790+0800	[34mINFO[0m	engine/engine.go:402	=====> 初始化插件
2021-10-08T12:07:59.790+0800	[34mINFO[0m	engine/engine.go:402	=====> 初始化成功🍺🍺
2021-10-08T12:14:44.248+0800	[34mINFO[0m	engine/engine.go:402	=====> 初始化数据库连接
2021-10-08T12:14:44.250+0800	[34mINFO[0m	engine/engine.go:402	=====> 初始化配置
2021-10-08T12:14:44.252+0800	[34mINFO[0m	engine/engine.go:402	=====> 初始化导航栏按钮
2021-10-08T12:14:44.252+0800	[34mINFO[0m	engine/engine.go:402	=====> 初始化插件
2021-10-08T12:14:44.252+0800	[34mINFO[0m	engine/engine.go:402	=====> 初始化成功🍺🍺
2021-10-08T12:26:06.426+0800	[34mINFO[0m	engine/engine.go:402	=====> 初始化数据库连接
2021-10-08T12:26:06.428+0800	[34mINFO[0m	engine/engine.go:402	=====> 初始化配置
2021-10-08T12:26:06.430+0800	[34mINFO[0m	engine/engine.go:402	=====> 初始化导航栏按钮
2021-10-08T12:26:06.430+0800	[34mINFO[0m	engine/engine.go:402	=====> 初始化插件
2021-10-08T12:26:06.430+0800	[34mINFO[0m	engine/engine.go:402	=====> 初始化成功🍺🍺
2021-10-08T12:32:43.165+0800	[34mINFO[0m	engine/engine.go:402	=====> 初始化数据库连接
2021-10-08T12:32:43.167+0800	[34mINFO[0m	engine/engine.go:402	=====> 初始化配置
2021-10-08T12:32:43.169+0800	[34mINFO[0m	engine/engine.go:402	=====> 初始化导航栏按钮
2021-10-08T12:32:43.169+0800	[34mINFO[0m	engine/engine.go:402	=====> 初始化插件
2021-10-08T12:32:43.169+0800	[34mINFO[0m	engine/engine.go:402	=====> 初始化成功🍺🍺
2021-10-08T12:35:06.313+0800	[34mINFO[0m	engine/engine.go:402	=====> 初始化数据库连接
2021-10-08T12:35:06.315+0800	[34mINFO[0m	engine/engine.go:402	=====> 初始化配置
2021-10-08T12:35:06.317+0800	[34mINFO[0m	engine/engine.go:402	=====> 初始化导航栏按钮
2021-10-08T12:35:06.317+0800	[34mINFO[0m	engine/engine.go:402	=====> 初始化插件
2021-10-08T12:35:06.317+0800	[34mINFO[0m	engine/engine.go:402	=====> 初始化成功🍺🍺
2021-10-08T12:35:20.666+0800	[34mINFO[0m	engine/engine.go:402	=====> 初始化数据库连接
2021-10-08T12:35:20.668+0800	[34mINFO[0m	engine/engine.go:402	=====> 初始化配置
2021-10-08T12:35:20.670+0800	[34mINFO[0m	engine/engine.go:402	=====> 初始化导航栏按钮
2021-10-08T12:35:20.670+0800	[34mINFO[0m	engine/engine.go:402	=====> 初始化插件
2021-10-08T12:35:20.670+0800	[34mINFO[0m	engine/engine.go:402	=====> 初始化成功🍺🍺
2021-10-08T12:37:28.343+0800	[34mINFO[0m	engine/engine.go:402	=====> 初始化数据库连接
2021-10-08T12:37:28.345+0800	[34mINFO[0m	engine/engine.go:402	=====> 初始化配置
2021-10-08T12:37:28.347+0800	[34mINFO[0m	engine/engine.go:402	=====> 初始化导航栏按钮
2021-10-08T12:37:28.347+0800	[34mINFO[0m	engine/engine.go:402	=====> 初始化插件
2021-10-08T12:37:28.348+0800	[34mINFO[0m	engine/engine.go:402	=====> 初始化成功🍺🍺
2021-10-08T12:43:03.110+0800	[34mINFO[0m	engine/engine.go:402	=====> 初始化数据库连接
2021-10-08T12:43:03.112+0800	[34mINFO[0m	engine/engine.go:402	=====> 初始化配置
2021-10-08T12:43:03.114+0800	[34mINFO[0m	engine/engine.go:402	=====> 初始化导航栏按钮
2021-10-08T12:43:03.115+0800	[34mINFO[0m	engine/engine.go:402	=====> 初始化插件
2021-10-08T12:43:03.115+0800	[34mINFO[0m	engine/engine.go:402	=====> 初始化成功🍺🍺
2021-10-08T12:45:14.564+0800	[34mINFO[0m	engine/engine.go:402	=====> 初始化数据库连接
2021-10-08T12:45:14.566+0800	[34mINFO[0m	engine/engine.go:402	=====> 初始化配置
2021-10-08T12:45:14.568+0800	[34mINFO[0m	engine/engine.go:402	=====> 初始化导航栏按钮
2021-10-08T12:45:14.568+0800	[34mINFO[0m	engine/engine.go:402	=====> 初始化插件
2021-10-08T12:45:14.568+0800	[34mINFO[0m	engine/engine.go:402	=====> 初始化成功🍺🍺
2021-10-08T12:51:04.977+0800	[34mINFO[0m	engine/engine.go:402	=====> 初始化数据库连接
2021-10-08T12:51:04.979+0800	[34mINFO[0m	engine/engine.go:402	=====> 初始化配置
2021-10-08T12:51:04.982+0800	[34mINFO[0m	engine/engine.go:402	=====> 初始化导航栏按钮
2021-10-08T12:51:04.982+0800	[34mINFO[0m	engine/engine.go:402	=====> 初始化插件
2021-10-08T12:51:04.982+0800	[34mINFO[0m	engine/engine.go:402	=====> 初始化成功🍺🍺
2021-10-08T12:52:07.773+0800	[34mINFO[0m	engine/engine.go:402	=====> 初始化数据库连接
2021-10-08T12:52:07.775+0800	[34mINFO[0m	engine/engine.go:402	=====> 初始化配置
2021-10-08T12:52:07.777+0800	[34mINFO[0m	engine/engine.go:402	=====> 初始化导航栏按钮
2021-10-08T12:52:07.778+0800	[34mINFO[0m	engine/engine.go:402	=====> 初始化插件
2021-10-08T12:52:07.778+0800	[34mINFO[0m	engine/engine.go:402	=====> 初始化成功🍺🍺
2021-10-08T12:52:31.118+0800	[34mINFO[0m	engine/engine.go:402	=====> 初始化数据库连接
2021-10-08T12:52:31.121+0800	[34mINFO[0m	engine/engine.go:402	=====> 初始化配置
2021-10-08T12:52:31.122+0800	[34mINFO[0m	engine/engine.go:402	=====> 初始化导航栏按钮
2021-10-08T12:52:31.123+0800	[34mINFO[0m	engine/engine.go:402	=====> 初始化插件
2021-10-08T12:52:31.123+0800	[34mINFO[0m	engine/engine.go:402	=====> 初始化成功🍺🍺
2021-10-08T12:58:39.172+0800	[34mINFO[0m	engine/engine.go:402	=====> 初始化数据库连接
2021-10-08T12:58:39.174+0800	[34mINFO[0m	engine/engine.go:402	=====> 初始化配置
2021-10-08T12:58:39.176+0800	[34mINFO[0m	engine/engine.go:402	=====> 初始化导航栏按钮
2021-10-08T12:58:39.176+0800	[34mINFO[0m	engine/engine.go:402	=====> 初始化插件
2021-10-08T12:58:39.176+0800	[34mINFO[0m	engine/engine.go:402	=====> 初始化成功🍺🍺
2021-10-08T12:59:17.791+0800	[34mINFO[0m	engine/engine.go:402	=====> 初始化数据库连接
2021-10-08T12:59:17.794+0800	[34mINFO[0m	engine/engine.go:402	=====> 初始化配置
2021-10-08T12:59:17.796+0800	[34mINFO[0m	engine/engine.go:402	=====> 初始化导航栏按钮
2021-10-08T12:59:17.796+0800	[34mINFO[0m	engine/engine.go:402	=====> 初始化插件
2021-10-08T12:59:17.796+0800	[34mINFO[0m	engine/engine.go:402	=====> 初始化成功🍺🍺
2021-10-08T12:59:49.991+0800	[34mINFO[0m	engine/engine.go:402	=====> 初始化数据库连接
2021-10-08T12:59:49.993+0800	[34mINFO[0m	engine/engine.go:402	=====> 初始化配置
2021-10-08T12:59:49.996+0800	[34mINFO[0m	engine/engine.go:402	=====> 初始化导航栏按钮
2021-10-08T12:59:49.996+0800	[34mINFO[0m	engine/engine.go:402	=====> 初始化插件
2021-10-08T12:59:49.996+0800	[34mINFO[0m	engine/engine.go:402	=====> 初始化成功🍺🍺
2021-10-08T13:21:20.891+0800	[34mINFO[0m	engine/engine.go:402	=====> 初始化数据库连接
2021-10-08T13:21:20.893+0800	[34mINFO[0m	engine/engine.go:402	=====> 初始化配置
2021-10-08T13:21:20.895+0800	[34mINFO[0m	engine/engine.go:402	=====> 初始化导航栏按钮
2021-10-08T13:21:20.896+0800	[34mINFO[0m	engine/engine.go:402	=====> 初始化插件
2021-10-08T13:21:20.896+0800	[34mINFO[0m	engine/engine.go:402	=====> 初始化成功🍺🍺
2021-10-08T13:26:54.847+0800	[34mINFO[0m	engine/engine.go:402	=====> 初始化数据库连接
2021-10-08T13:26:54.849+0800	[34mINFO[0m	engine/engine.go:402	=====> 初始化配置
2021-10-08T13:26:54.851+0800	[34mINFO[0m	engine/engine.go:402	=====> 初始化导航栏按钮
2021-10-08T13:26:54.851+0800	[34mINFO[0m	engine/engine.go:402	=====> 初始化插件
2021-10-08T13:26:54.851+0800	[34mINFO[0m	engine/engine.go:402	=====> 初始化成功🍺🍺
2021-10-08T13:27:09.423+0800	[34mINFO[0m	engine/engine.go:402	=====> 初始化数据库连接
2021-10-08T13:27:09.425+0800	[34mINFO[0m	engine/engine.go:402	=====> 初始化配置
2021-10-08T13:27:09.427+0800	[34mINFO[0m	engine/engine.go:402	=====> 初始化导航栏按钮
2021-10-08T13:27:09.427+0800	[34mINFO[0m	engine/engine.go:402	=====> 初始化插件
2021-10-08T13:27:09.427+0800	[34mINFO[0m	engine/engine.go:402	=====> 初始化成功🍺🍺
2021-10-08T13:27:29.527+0800	[34mINFO[0m	engine/engine.go:402	=====> 初始化数据库连接
2021-10-08T13:27:29.530+0800	[34mINFO[0m	engine/engine.go:402	=====> 初始化配置
2021-10-08T13:27:29.531+0800	[34mINFO[0m	engine/engine.go:402	=====> 初始化导航栏按钮
2021-10-08T13:27:29.532+0800	[34mINFO[0m	engine/engine.go:402	=====> 初始化插件
2021-10-08T13:27:29.532+0800	[34mINFO[0m	engine/engine.go:402	=====> 初始化成功🍺🍺
2021-10-08T13:29:26.338+0800	[34mINFO[0m	engine/engine.go:402	=====> 初始化数据库连接
2021-10-08T13:29:26.340+0800	[34mINFO[0m	engine/engine.go:402	=====> 初始化配置
2021-10-08T13:29:26.341+0800	[34mINFO[0m	engine/engine.go:402	=====> 初始化导航栏按钮
2021-10-08T13:29:26.342+0800	[34mINFO[0m	engine/engine.go:402	=====> 初始化插件
2021-10-08T13:29:26.342+0800	[34mINFO[0m	engine/engine.go:402	=====> 初始化成功🍺🍺
2021-10-08T13:34:45.243+0800	[34mINFO[0m	engine/engine.go:402	=====> 初始化数据库连接
2021-10-08T13:34:45.245+0800	[34mINFO[0m	engine/engine.go:402	=====> 初始化配置
2021-10-08T13:34:45.248+0800	[34mINFO[0m	engine/engine.go:402	=====> 初始化导航栏按钮
2021-10-08T13:34:45.248+0800	[34mINFO[0m	engine/engine.go:402	=====> 初始化插件
2021-10-08T13:34:45.248+0800	[34mINFO[0m	engine/engine.go:402	=====> 初始化成功🍺🍺
2021-10-08T13:43:25.770+0800	[34mINFO[0m	engine/engine.go:402	=====> 初始化数据库连接
2021-10-08T13:43:25.773+0800	[34mINFO[0m	engine/engine.go:402	=====> 初始化配置
2021-10-08T13:43:25.774+0800	[34mINFO[0m	engine/engine.go:402	=====> 初始化导航栏按钮
2021-10-08T13:43:25.775+0800	[34mINFO[0m	engine/engine.go:402	=====> 初始化插件
2021-10-08T13:43:25.775+0800	[34mINFO[0m	engine/engine.go:402	=====> 初始化成功🍺🍺
2021-10-08T13:44:42.675+0800	[34mINFO[0m	engine/engine.go:402	=====> 初始化数据库连接
2021-10-08T13:44:42.677+0800	[34mINFO[0m	engine/engine.go:402	=====> 初始化配置
2021-10-08T13:44:42.680+0800	[34mINFO[0m	engine/engine.go:402	=====> 初始化导航栏按钮
2021-10-08T13:44:42.680+0800	[34mINFO[0m	engine/engine.go:402	=====> 初始化插件
2021-10-08T13:44:42.680+0800	[34mINFO[0m	engine/engine.go:402	=====> 初始化成功🍺🍺
2021-10-08T13:47:20.809+0800	[34mINFO[0m	engine/engine.go:402	=====> 初始化数据库连接
2021-10-08T13:47:20.811+0800	[34mINFO[0m	engine/engine.go:402	=====> 初始化配置
2021-10-08T13:47:20.812+0800	[34mINFO[0m	engine/engine.go:402	=====> 初始化导航栏按钮
2021-10-08T13:47:20.813+0800	[34mINFO[0m	engine/engine.go:402	=====> 初始化插件
2021-10-08T13:47:20.813+0800	[34mINFO[0m	engine/engine.go:402	=====> 初始化成功🍺🍺
2021-10-08T13:48:07.062+0800	[34mINFO[0m	engine/engine.go:402	=====> 初始化数据库连接
2021-10-08T13:48:07.064+0800	[34mINFO[0m	engine/engine.go:402	=====> 初始化配置
2021-10-08T13:48:07.066+0800	[34mINFO[0m	engine/engine.go:402	=====> 初始化导航栏按钮
2021-10-08T13:48:07.066+0800	[34mINFO[0m	engine/engine.go:402	=====> 初始化插件
2021-10-08T13:48:07.066+0800	[34mINFO[0m	engine/engine.go:402	=====> 初始化成功🍺🍺
2021-10-08T13:48:33.864+0800	[34mINFO[0m	engine/engine.go:402	=====> 初始化数据库连接
2021-10-08T13:48:33.866+0800	[34mINFO[0m	engine/engine.go:402	=====> 初始化配置
2021-10-08T13:48:33.868+0800	[34mINFO[0m	engine/engine.go:402	=====> 初始化导航栏按钮
2021-10-08T13:48:33.868+0800	[34mINFO[0m	engine/engine.go:402	=====> 初始化插件
2021-10-08T13:48:33.869+0800	[34mINFO[0m	engine/engine.go:402	=====> 初始化成功🍺🍺
2021-10-08T13:56:06.776+0800	[34mINFO[0m	engine/engine.go:402	=====> 初始化数据库连接
2021-10-08T13:56:06.778+0800	[34mINFO[0m	engine/engine.go:402	=====> 初始化配置
2021-10-08T13:56:06.780+0800	[34mINFO[0m	engine/engine.go:402	=====> 初始化导航栏按钮
2021-10-08T13:56:06.780+0800	[34mINFO[0m	engine/engine.go:402	=====> 初始化插件
2021-10-08T13:56:06.780+0800	[34mINFO[0m	engine/engine.go:402	=====> 初始化成功🍺🍺
2021-10-08T13:59:29.159+0800	[34mINFO[0m	engine/engine.go:402	=====> 初始化数据库连接
2021-10-08T13:59:29.161+0800	[34mINFO[0m	engine/engine.go:402	=====> 初始化配置
2021-10-08T13:59:29.163+0800	[34mINFO[0m	engine/engine.go:402	=====> 初始化导航栏按钮
2021-10-08T13:59:29.163+0800	[34mINFO[0m	engine/engine.go:402	=====> 初始化插件
2021-10-08T13:59:29.163+0800	[34mINFO[0m	engine/engine.go:402	=====> 初始化成功🍺🍺
2021-10-08T14:01:33.934+0800	[34mINFO[0m	engine/engine.go:402	=====> 初始化数据库连接
2021-10-08T14:01:33.935+0800	[34mINFO[0m	engine/engine.go:402	=====> 初始化配置
2021-10-08T14:01:33.937+0800	[34mINFO[0m	engine/engine.go:402	=====> 初始化导航栏按钮
2021-10-08T14:01:33.937+0800	[34mINFO[0m	engine/engine.go:402	=====> 初始化插件
2021-10-08T14:01:33.938+0800	[34mINFO[0m	engine/engine.go:402	=====> 初始化成功🍺🍺
2021-10-08T14:03:49.997+0800	[34mINFO[0m	engine/engine.go:402	=====> 初始化数据库连接
2021-10-08T14:03:49.999+0800	[34mINFO[0m	engine/engine.go:402	=====> 初始化配置
2021-10-08T14:03:50.001+0800	[34mINFO[0m	engine/engine.go:402	=====> 初始化导航栏按钮
2021-10-08T14:03:50.001+0800	[34mINFO[0m	engine/engine.go:402	=====> 初始化插件
2021-10-08T14:03:50.001+0800	[34mINFO[0m	engine/engine.go:402	=====> 初始化成功🍺🍺
2021-10-08T14:13:11.344+0800	[34mINFO[0m	engine/engine.go:402	=====> 初始化数据库连接
2021-10-08T14:13:11.346+0800	[34mINFO[0m	engine/engine.go:402	=====> 初始化配置
2021-10-08T14:13:11.348+0800	[34mINFO[0m	engine/engine.go:402	=====> 初始化导航栏按钮
2021-10-08T14:13:11.349+0800	[34mINFO[0m	engine/engine.go:402	=====> 初始化插件
2021-10-08T14:13:11.349+0800	[34mINFO[0m	engine/engine.go:402	=====> 初始化成功🍺🍺
2021-10-08T14:27:09.825+0800	[34mINFO[0m	engine/engine.go:402	=====> 初始化数据库连接
2021-10-08T14:27:09.827+0800	[34mINFO[0m	engine/engine.go:402	=====> 初始化配置
2021-10-08T14:27:09.829+0800	[34mINFO[0m	engine/engine.go:402	=====> 初始化导航栏按钮
2021-10-08T14:27:09.829+0800	[34mINFO[0m	engine/engine.go:402	=====> 初始化插件
2021-10-08T14:27:09.830+0800	[34mINFO[0m	engine/engine.go:402	=====> 初始化成功🍺🍺
2021-10-08T14:27:39.649+0800	[34mINFO[0m	engine/engine.go:402	=====> 初始化数据库连接
2021-10-08T14:27:39.651+0800	[34mINFO[0m	engine/engine.go:402	=====> 初始化配置
2021-10-08T14:27:39.653+0800	[34mINFO[0m	engine/engine.go:402	=====> 初始化导航栏按钮
2021-10-08T14:27:39.653+0800	[34mINFO[0m	engine/engine.go:402	=====> 初始化插件
2021-10-08T14:27:39.653+0800	[34mINFO[0m	engine/engine.go:402	=====> 初始化成功🍺🍺
2021-10-08T14:27:59.064+0800	[34mINFO[0m	engine/engine.go:402	=====> 初始化数据库连接
2021-10-08T14:27:59.066+0800	[34mINFO[0m	engine/engine.go:402	=====> 初始化配置
2021-10-08T14:27:59.068+0800	[34mINFO[0m	engine/engine.go:402	=====> 初始化导航栏按钮
2021-10-08T14:27:59.068+0800	[34mINFO[0m	engine/engine.go:402	=====> 初始化插件
2021-10-08T14:27:59.069+0800	[34mINFO[0m	engine/engine.go:402	=====> 初始化成功🍺🍺
2021-10-08T14:28:57.693+0800	[34mINFO[0m	engine/engine.go:402	=====> 初始化数据库连接
2021-10-08T14:28:57.696+0800	[34mINFO[0m	engine/engine.go:402	=====> 初始化配置
2021-10-08T14:28:57.698+0800	[34mINFO[0m	engine/engine.go:402	=====> 初始化导航栏按钮
2021-10-08T14:28:57.699+0800	[34mINFO[0m	engine/engine.go:402	=====> 初始化插件
2021-10-08T14:28:57.699+0800	[34mINFO[0m	engine/engine.go:402	=====> 初始化成功🍺🍺
2021-10-08T14:29:33.316+0800	[34mINFO[0m	engine/engine.go:402	=====> 初始化数据库连接
2021-10-08T14:29:33.319+0800	[34mINFO[0m	engine/engine.go:402	=====> 初始化配置
2021-10-08T14:29:33.320+0800	[34mINFO[0m	engine/engine.go:402	=====> 初始化导航栏按钮
2021-10-08T14:29:33.321+0800	[34mINFO[0m	engine/engine.go:402	=====> 初始化插件
2021-10-08T14:29:33.321+0800	[34mINFO[0m	engine/engine.go:402	=====> 初始化成功🍺🍺
2021-10-08T14:30:48.564+0800	[34mINFO[0m	engine/engine.go:402	=====> 初始化数据库连接
2021-10-08T14:30:48.565+0800	[34mINFO[0m	engine/engine.go:402	=====> 初始化配置
2021-10-08T14:30:48.567+0800	[34mINFO[0m	engine/engine.go:402	=====> 初始化导航栏按钮
2021-10-08T14:30:48.567+0800	[34mINFO[0m	engine/engine.go:402	=====> 初始化插件
2021-10-08T14:30:48.568+0800	[34mINFO[0m	engine/engine.go:402	=====> 初始化成功🍺🍺
2021-10-08T14:31:01.472+0800	[34mINFO[0m	engine/engine.go:402	=====> 初始化数据库连接
2021-10-08T14:31:01.474+0800	[34mINFO[0m	engine/engine.go:402	=====> 初始化配置
2021-10-08T14:31:01.476+0800	[34mINFO[0m	engine/engine.go:402	=====> 初始化导航栏按钮
2021-10-08T14:31:01.476+0800	[34mINFO[0m	engine/engine.go:402	=====> 初始化插件
2021-10-08T14:31:01.477+0800	[34mINFO[0m	engine/engine.go:402	=====> 初始化成功🍺🍺
2021-10-08T14:34:04.709+0800	[34mINFO[0m	engine/engine.go:402	=====> 初始化数据库连接
2021-10-08T14:34:04.711+0800	[34mINFO[0m	engine/engine.go:402	=====> 初始化配置
2021-10-08T14:34:04.713+0800	[34mINFO[0m	engine/engine.go:402	=====> 初始化导航栏按钮
2021-10-08T14:34:04.713+0800	[34mINFO[0m	engine/engine.go:402	=====> 初始化插件
2021-10-08T14:34:04.713+0800	[34mINFO[0m	engine/engine.go:402	=====> 初始化成功🍺🍺
2021-10-08T14:35:29.846+0800	[34mINFO[0m	engine/engine.go:402	=====> 初始化数据库连接
2021-10-08T14:35:29.848+0800	[34mINFO[0m	engine/engine.go:402	=====> 初始化配置
2021-10-08T14:35:29.850+0800	[34mINFO[0m	engine/engine.go:402	=====> 初始化导航栏按钮
2021-10-08T14:35:29.850+0800	[34mINFO[0m	engine/engine.go:402	=====> 初始化插件
2021-10-08T14:35:29.850+0800	[34mINFO[0m	engine/engine.go:402	=====> 初始化成功🍺🍺
2021-10-08T15:11:38.356+0800	[34mINFO[0m	engine/engine.go:402	=====> 初始化数据库连接
2021-10-08T15:11:38.358+0800	[34mINFO[0m	engine/engine.go:402	=====> 初始化配置
2021-10-08T15:11:38.359+0800	[34mINFO[0m	engine/engine.go:402	=====> 初始化导航栏按钮
2021-10-08T15:11:38.360+0800	[34mINFO[0m	engine/engine.go:402	=====> 初始化插件
2021-10-08T15:11:38.360+0800	[34mINFO[0m	engine/engine.go:402	=====> 初始化成功🍺🍺
2021-10-08T15:12:25.702+0800	[34mINFO[0m	engine/engine.go:402	=====> 初始化数据库连接
2021-10-08T15:12:25.704+0800	[34mINFO[0m	engine/engine.go:402	=====> 初始化配置
2021-10-08T15:12:25.706+0800	[34mINFO[0m	engine/engine.go:402	=====> 初始化导航栏按钮
2021-10-08T15:12:25.706+0800	[34mINFO[0m	engine/engine.go:402	=====> 初始化插件
2021-10-08T15:12:25.706+0800	[34mINFO[0m	engine/engine.go:402	=====> 初始化成功🍺🍺
2021-10-08T15:17:54.095+0800	[34mINFO[0m	engine/engine.go:402	=====> 初始化数据库连接
2021-10-08T15:17:54.098+0800	[34mINFO[0m	engine/engine.go:402	=====> 初始化配置
2021-10-08T15:17:54.099+0800	[34mINFO[0m	engine/engine.go:402	=====> 初始化导航栏按钮
2021-10-08T15:17:54.100+0800	[34mINFO[0m	engine/engine.go:402	=====> 初始化插件
2021-10-08T15:17:54.100+0800	[34mINFO[0m	engine/engine.go:402	=====> 初始化成功🍺🍺
2021-10-08T15:20:41.253+0800	[34mINFO[0m	engine/engine.go:402	=====> 初始化数据库连接
2021-10-08T15:20:41.255+0800	[34mINFO[0m	engine/engine.go:402	=====> 初始化配置
2021-10-08T15:20:41.257+0800	[34mINFO[0m	engine/engine.go:402	=====> 初始化导航栏按钮
2021-10-08T15:20:41.257+0800	[34mINFO[0m	engine/engine.go:402	=====> 初始化插件
2021-10-08T15:20:41.257+0800	[34mINFO[0m	engine/engine.go:402	=====> 初始化成功🍺🍺
2021-10-08T15:32:03.779+0800	[34mINFO[0m	engine/engine.go:402	=====> 初始化数据库连接
2021-10-08T15:32:03.781+0800	[34mINFO[0m	engine/engine.go:402	=====> 初始化配置
2021-10-08T15:32:03.783+0800	[34mINFO[0m	engine/engine.go:402	=====> 初始化导航栏按钮
2021-10-08T15:32:03.783+0800	[34mINFO[0m	engine/engine.go:402	=====> 初始化插件
2021-10-08T15:32:03.784+0800	[34mINFO[0m	engine/engine.go:402	=====> 初始化成功🍺🍺
2021-10-08T15:33:16.339+0800	[34mINFO[0m	engine/engine.go:402	=====> 初始化数据库连接
2021-10-08T15:33:16.340+0800	[34mINFO[0m	engine/engine.go:402	=====> 初始化配置
2021-10-08T15:33:16.342+0800	[34mINFO[0m	engine/engine.go:402	=====> 初始化导航栏按钮
2021-10-08T15:33:16.342+0800	[34mINFO[0m	engine/engine.go:402	=====> 初始化插件
2021-10-08T15:33:16.343+0800	[34mINFO[0m	engine/engine.go:402	=====> 初始化成功🍺🍺
2021-10-08T15:34:29.362+0800	[34mINFO[0m	engine/engine.go:402	=====> 初始化数据库连接
2021-10-08T15:34:29.364+0800	[34mINFO[0m	engine/engine.go:402	=====> 初始化配置
2021-10-08T15:34:29.366+0800	[34mINFO[0m	engine/engine.go:402	=====> 初始化导航栏按钮
2021-10-08T15:34:29.366+0800	[34mINFO[0m	engine/engine.go:402	=====> 初始化插件
2021-10-08T15:34:29.366+0800	[34mINFO[0m	engine/engine.go:402	=====> 初始化成功🍺🍺
2021-10-08T15:46:15.397+0800	[34mINFO[0m	engine/engine.go:402	=====> 初始化数据库连接
2021-10-08T15:46:15.399+0800	[34mINFO[0m	engine/engine.go:402	=====> 初始化配置
2021-10-08T15:46:15.401+0800	[34mINFO[0m	engine/engine.go:402	=====> 初始化导航栏按钮
2021-10-08T15:46:15.401+0800	[34mINFO[0m	engine/engine.go:402	=====> 初始化插件
2021-10-08T15:46:15.401+0800	[34mINFO[0m	engine/engine.go:402	=====> 初始化成功🍺🍺
2021-10-08T16:02:44.288+0800	[34mINFO[0m	engine/engine.go:402	=====> 初始化数据库连接
2021-10-08T16:02:44.290+0800	[34mINFO[0m	engine/engine.go:402	=====> 初始化配置
2021-10-08T16:02:44.292+0800	[34mINFO[0m	engine/engine.go:402	=====> 初始化导航栏按钮
2021-10-08T16:02:44.292+0800	[34mINFO[0m	engine/engine.go:402	=====> 初始化插件
2021-10-08T16:02:44.292+0800	[34mINFO[0m	engine/engine.go:402	=====> 初始化成功🍺🍺
2021-10-08T16:03:21.637+0800	[34mINFO[0m	engine/engine.go:402	=====> 初始化数据库连接
2021-10-08T16:03:21.639+0800	[34mINFO[0m	engine/engine.go:402	=====> 初始化配置
2021-10-08T16:03:21.641+0800	[34mINFO[0m	engine/engine.go:402	=====> 初始化导航栏按钮
2021-10-08T16:03:21.641+0800	[34mINFO[0m	engine/engine.go:402	=====> 初始化插件
2021-10-08T16:03:21.641+0800	[34mINFO[0m	engine/engine.go:402	=====> 初始化成功🍺🍺
2021-10-08T16:06:30.173+0800	[34mINFO[0m	engine/engine.go:402	=====> 初始化数据库连接
2021-10-08T16:06:30.175+0800	[34mINFO[0m	engine/engine.go:402	=====> 初始化配置
2021-10-08T16:06:30.177+0800	[34mINFO[0m	engine/engine.go:402	=====> 初始化导航栏按钮
2021-10-08T16:06:30.178+0800	[34mINFO[0m	engine/engine.go:402	=====> 初始化插件
2021-10-08T16:06:30.178+0800	[34mINFO[0m	engine/engine.go:402	=====> 初始化成功🍺🍺
2021-10-08T16:07:03.389+0800	[34mINFO[0m	engine/engine.go:402	=====> 初始化数据库连接
2021-10-08T16:07:03.390+0800	[34mINFO[0m	engine/engine.go:402	=====> 初始化配置
2021-10-08T16:07:03.392+0800	[34mINFO[0m	engine/engine.go:402	=====> 初始化导航栏按钮
2021-10-08T16:07:03.393+0800	[34mINFO[0m	engine/engine.go:402	=====> 初始化插件
2021-10-08T16:07:03.393+0800	[34mINFO[0m	engine/engine.go:402	=====> 初始化成功🍺🍺
2021-10-08T16:09:14.292+0800	[34mINFO[0m	engine/engine.go:402	=====> 初始化数据库连接
2021-10-08T16:09:14.294+0800	[34mINFO[0m	engine/engine.go:402	=====> 初始化配置
2021-10-08T16:09:14.296+0800	[34mINFO[0m	engine/engine.go:402	=====> 初始化导航栏按钮
2021-10-08T16:09:14.297+0800	[34mINFO[0m	engine/engine.go:402	=====> 初始化插件
2021-10-08T16:09:14.297+0800	[34mINFO[0m	engine/engine.go:402	=====> 初始化成功🍺🍺
2021-10-08T16:11:50.424+0800	[34mINFO[0m	engine/engine.go:402	=====> 初始化数据库连接
2021-10-08T16:11:50.426+0800	[34mINFO[0m	engine/engine.go:402	=====> 初始化配置
2021-10-08T16:11:50.428+0800	[34mINFO[0m	engine/engine.go:402	=====> 初始化导航栏按钮
2021-10-08T16:11:50.428+0800	[34mINFO[0m	engine/engine.go:402	=====> 初始化插件
2021-10-08T16:11:50.428+0800	[34mINFO[0m	engine/engine.go:402	=====> 初始化成功🍺🍺
2021-10-08T16:18:44.999+0800	[34mINFO[0m	engine/engine.go:402	=====> 初始化数据库连接
2021-10-08T16:18:45.001+0800	[34mINFO[0m	engine/engine.go:402	=====> 初始化配置
2021-10-08T16:18:45.003+0800	[34mINFO[0m	engine/engine.go:402	=====> 初始化导航栏按钮
2021-10-08T16:18:45.003+0800	[34mINFO[0m	engine/engine.go:402	=====> 初始化插件
2021-10-08T16:18:45.003+0800	[34mINFO[0m	engine/engine.go:402	=====> 初始化成功🍺🍺
2021-10-08T16:22:06.179+0800	[34mINFO[0m	engine/engine.go:402	=====> 初始化数据库连接
2021-10-08T16:22:06.181+0800	[34mINFO[0m	engine/engine.go:402	=====> 初始化配置
2021-10-08T16:22:06.183+0800	[34mINFO[0m	engine/engine.go:402	=====> 初始化导航栏按钮
2021-10-08T16:22:06.183+0800	[34mINFO[0m	engine/engine.go:402	=====> 初始化插件
2021-10-08T16:22:06.183+0800	[34mINFO[0m	engine/engine.go:402	=====> 初始化成功🍺🍺
2021-10-08T16:22:24.022+0800	[34mINFO[0m	engine/engine.go:402	=====> 初始化数据库连接
2021-10-08T16:22:24.024+0800	[34mINFO[0m	engine/engine.go:402	=====> 初始化配置
2021-10-08T16:22:24.025+0800	[34mINFO[0m	engine/engine.go:402	=====> 初始化导航栏按钮
2021-10-08T16:22:24.026+0800	[34mINFO[0m	engine/engine.go:402	=====> 初始化插件
2021-10-08T16:22:24.026+0800	[34mINFO[0m	engine/engine.go:402	=====> 初始化成功🍺🍺
2021-10-08T16:23:43.392+0800	[34mINFO[0m	engine/engine.go:402	=====> 初始化数据库连接
2021-10-08T16:23:43.394+0800	[34mINFO[0m	engine/engine.go:402	=====> 初始化配置
2021-10-08T16:23:43.395+0800	[34mINFO[0m	engine/engine.go:402	=====> 初始化导航栏按钮
2021-10-08T16:23:43.396+0800	[34mINFO[0m	engine/engine.go:402	=====> 初始化插件
2021-10-08T16:23:43.396+0800	[34mINFO[0m	engine/engine.go:402	=====> 初始化成功🍺🍺
2021-10-08T16:24:14.317+0800	[34mINFO[0m	engine/engine.go:402	=====> 初始化数据库连接
2021-10-08T16:24:14.319+0800	[34mINFO[0m	engine/engine.go:402	=====> 初始化配置
2021-10-08T16:24:14.321+0800	[34mINFO[0m	engine/engine.go:402	=====> 初始化导航栏按钮
2021-10-08T16:24:14.321+0800	[34mINFO[0m	engine/engine.go:402	=====> 初始化插件
2021-10-08T16:24:14.321+0800	[34mINFO[0m	engine/engine.go:402	=====> 初始化成功🍺🍺
2021-10-08T16:48:46.035+0800	[34mINFO[0m	engine/engine.go:402	=====> 初始化数据库连接
2021-10-08T16:48:46.037+0800	[34mINFO[0m	engine/engine.go:402	=====> 初始化配置
2021-10-08T16:48:46.039+0800	[34mINFO[0m	engine/engine.go:402	=====> 初始化导航栏按钮
2021-10-08T16:48:46.039+0800	[34mINFO[0m	engine/engine.go:402	=====> 初始化插件
2021-10-08T16:48:46.039+0800	[34mINFO[0m	engine/engine.go:402	=====> 初始化成功🍺🍺
2021-10-14T09:41:58.185+0800	[34mINFO[0m	engine/engine.go:402	=====> 初始化数据库连接
2021-10-14T09:41:58.200+0800	[34mINFO[0m	engine/engine.go:402	=====> 初始化配置
2021-10-14T09:41:58.204+0800	[34mINFO[0m	engine/engine.go:402	=====> 初始化导航栏按钮
2021-10-14T09:41:58.204+0800	[34mINFO[0m	engine/engine.go:402	=====> 初始化插件
2021-10-14T09:41:58.204+0800	[34mINFO[0m	engine/engine.go:402	=====> 初始化成功🍺🍺
2021-10-14T23:21:38.633+0800	[34mINFO[0m	engine/engine.go:402	=====> 初始化数据库连接
2021-10-14T23:21:38.636+0800	[34mINFO[0m	engine/engine.go:402	=====> 初始化配置
2021-10-14T23:21:38.638+0800	[34mINFO[0m	engine/engine.go:402	=====> 初始化导航栏按钮
2021-10-14T23:21:38.638+0800	[34mINFO[0m	engine/engine.go:402	=====> 初始化插件
2021-10-14T23:21:38.639+0800	[34mINFO[0m	engine/engine.go:402	=====> 初始化成功🍺🍺
2021-10-15T09:14:00.348+0800	[34mINFO[0m	engine/engine.go:402	=====> 初始化数据库连接
2021-10-15T09:14:00.998+0800	[34mINFO[0m	engine/engine.go:402	=====> 初始化配置
2021-10-15T09:14:01.061+0800	[34mINFO[0m	engine/engine.go:402	=====> 初始化导航栏按钮
2021-10-15T09:14:01.062+0800	[34mINFO[0m	engine/engine.go:402	=====> 初始化插件
2021-10-15T09:14:01.062+0800	[34mINFO[0m	engine/engine.go:402	=====> 初始化成功🍺🍺
2021-10-17T09:44:07.968+0800	[34mINFO[0m	engine/engine.go:402	=====> 初始化数据库连接
2021-10-17T09:44:07.988+0800	[34mINFO[0m	engine/engine.go:402	=====> 初始化配置
2021-10-17T09:44:07.993+0800	[34mINFO[0m	engine/engine.go:402	=====> 初始化导航栏按钮
2021-10-17T09:44:07.993+0800	[34mINFO[0m	engine/engine.go:402	=====> 初始化插件
2021-10-17T09:44:07.993+0800	[34mINFO[0m	engine/engine.go:402	=====> 初始化成功🍺🍺
2021-10-18T10:09:23.467+0800	[34mINFO[0m	engine/engine.go:402	=====> 初始化数据库连接
2021-10-18T10:09:23.495+0800	[34mINFO[0m	engine/engine.go:402	=====> 初始化配置
2021-10-18T10:09:23.499+0800	[34mINFO[0m	engine/engine.go:402	=====> 初始化导航栏按钮
2021-10-18T10:09:23.500+0800	[34mINFO[0m	engine/engine.go:402	=====> 初始化插件
2021-10-18T10:09:23.500+0800	[34mINFO[0m	engine/engine.go:402	=====> 初始化成功🍺🍺
2021-10-21T14:56:33.554+0800	[34mINFO[0m	engine/engine.go:402	=====> 初始化数据库连接
2021-10-21T14:56:33.583+0800	[34mINFO[0m	engine/engine.go:402	=====> 初始化配置
2021-10-21T14:56:33.587+0800	[34mINFO[0m	engine/engine.go:402	=====> 初始化导航栏按钮
2021-10-21T14:56:33.587+0800	[34mINFO[0m	engine/engine.go:402	=====> 初始化插件
2021-10-21T14:56:33.587+0800	[34mINFO[0m	engine/engine.go:402	=====> 初始化成功🍺🍺
2021-10-22T10:00:07.502+0800	[34mINFO[0m	engine/engine.go:402	=====> 初始化数据库连接
2021-10-22T10:00:07.725+0800	[34mINFO[0m	engine/engine.go:402	=====> 初始化配置
2021-10-22T10:00:07.729+0800	[34mINFO[0m	engine/engine.go:402	=====> 初始化导航栏按钮
2021-10-22T10:00:07.729+0800	[34mINFO[0m	engine/engine.go:402	=====> 初始化插件
2021-10-22T10:00:07.730+0800	[34mINFO[0m	engine/engine.go:402	=====> 初始化成功🍺🍺
2021-10-25T11:51:15.776+0800	[34mINFO[0m	engine/engine.go:402	=====> 初始化数据库连接
2021-10-25T11:51:15.779+0800	[34mINFO[0m	engine/engine.go:402	=====> 初始化配置
2021-10-25T11:51:15.783+0800	[34mINFO[0m	engine/engine.go:402	=====> 初始化导航栏按钮
2021-10-25T11:51:15.783+0800	[34mINFO[0m	engine/engine.go:402	=====> 初始化插件
2021-10-25T11:51:15.783+0800	[34mINFO[0m	engine/engine.go:402	=====> 初始化成功🍺🍺
2021-10-25T12:21:12.088+0800	[34mINFO[0m	engine/engine.go:402	=====> 初始化数据库连接
2021-10-25T12:21:12.092+0800	[34mINFO[0m	engine/engine.go:402	=====> 初始化配置
2021-10-25T12:21:12.094+0800	[34mINFO[0m	engine/engine.go:402	=====> 初始化导航栏按钮
2021-10-25T12:21:12.094+0800	[34mINFO[0m	engine/engine.go:402	=====> 初始化插件
2021-10-25T12:21:12.095+0800	[34mINFO[0m	engine/engine.go:402	=====> 初始化成功🍺🍺
2021-10-25T22:05:09.945+0800	[34mINFO[0m	engine/engine.go:402	=====> 初始化数据库连接
2021-10-25T22:05:09.947+0800	[34mINFO[0m	engine/engine.go:402	=====> 初始化配置
2021-10-25T22:05:09.949+0800	[34mINFO[0m	engine/engine.go:402	=====> 初始化导航栏按钮
2021-10-25T22:05:09.949+0800	[34mINFO[0m	engine/engine.go:402	=====> 初始化插件
2021-10-25T22:05:09.949+0800	[34mINFO[0m	engine/engine.go:402	=====> 初始化成功🍺🍺
2021-10-25T22:06:29.670+0800	[34mINFO[0m	engine/engine.go:402	=====> 初始化数据库连接
2021-10-25T22:06:29.675+0800	[34mINFO[0m	engine/engine.go:402	=====> 初始化配置
2021-10-25T22:06:29.677+0800	[34mINFO[0m	engine/engine.go:402	=====> 初始化导航栏按钮
2021-10-25T22:06:29.677+0800	[34mINFO[0m	engine/engine.go:402	=====> 初始化插件
2021-10-25T22:06:29.677+0800	[34mINFO[0m	engine/engine.go:402	=====> 初始化成功🍺🍺
2021-10-25T22:08:45.489+0800	[34mINFO[0m	engine/engine.go:402	=====> 初始化数据库连接
2021-10-25T22:08:45.491+0800	[34mINFO[0m	engine/engine.go:402	=====> 初始化配置
2021-10-25T22:08:45.544+0800	[34mINFO[0m	engine/engine.go:402	=====> 初始化导航栏按钮
2021-10-25T22:08:45.545+0800	[34mINFO[0m	engine/engine.go:402	=====> 初始化插件
2021-10-25T22:08:45.545+0800	[34mINFO[0m	engine/engine.go:402	=====> 初始化成功🍺🍺
2021-10-25T22:10:49.107+0800	[34mINFO[0m	engine/engine.go:402	=====> 初始化数据库连接
2021-10-25T22:10:49.113+0800	[34mINFO[0m	engine/engine.go:402	=====> 初始化配置
2021-10-25T22:10:49.119+0800	[34mINFO[0m	engine/engine.go:402	=====> 初始化导航栏按钮
2021-10-25T22:10:49.119+0800	[34mINFO[0m	engine/engine.go:402	=====> 初始化插件
2021-10-25T22:10:49.119+0800	[34mINFO[0m	engine/engine.go:402	=====> 初始化成功🍺🍺
2021-10-25T22:12:06.191+0800	[34mINFO[0m	engine/engine.go:402	=====> 初始化数据库连接
2021-10-25T22:12:06.195+0800	[34mINFO[0m	engine/engine.go:402	=====> 初始化配置
2021-10-25T22:12:06.197+0800	[34mINFO[0m	engine/engine.go:402	=====> 初始化导航栏按钮
2021-10-25T22:12:06.198+0800	[34mINFO[0m	engine/engine.go:402	=====> 初始化插件
2021-10-25T22:12:06.198+0800	[34mINFO[0m	engine/engine.go:402	=====> 初始化成功🍺🍺
2021-10-25T22:12:25.351+0800	[34mINFO[0m	engine/engine.go:402	=====> 初始化数据库连接
2021-10-25T22:12:25.353+0800	[34mINFO[0m	engine/engine.go:402	=====> 初始化配置
2021-10-25T22:12:25.355+0800	[34mINFO[0m	engine/engine.go:402	=====> 初始化导航栏按钮
2021-10-25T22:12:25.355+0800	[34mINFO[0m	engine/engine.go:402	=====> 初始化插件
2021-10-25T22:12:25.355+0800	[34mINFO[0m	engine/engine.go:402	=====> 初始化成功🍺🍺
2021-10-25T22:13:17.944+0800	[34mINFO[0m	engine/engine.go:402	=====> 初始化数据库连接
2021-10-25T22:13:17.946+0800	[34mINFO[0m	engine/engine.go:402	=====> 初始化配置
2021-10-25T22:13:17.948+0800	[34mINFO[0m	engine/engine.go:402	=====> 初始化导航栏按钮
2021-10-25T22:13:17.948+0800	[34mINFO[0m	engine/engine.go:402	=====> 初始化插件
2021-10-25T22:13:17.948+0800	[34mINFO[0m	engine/engine.go:402	=====> 初始化成功🍺🍺
2021-10-25T22:16:03.856+0800	[34mINFO[0m	engine/engine.go:402	=====> 初始化数据库连接
2021-10-25T22:16:03.858+0800	[34mINFO[0m	engine/engine.go:402	=====> 初始化配置
2021-10-25T22:16:03.862+0800	[34mINFO[0m	engine/engine.go:402	=====> 初始化导航栏按钮
2021-10-25T22:16:03.862+0800	[34mINFO[0m	engine/engine.go:402	=====> 初始化插件
2021-10-25T22:16:03.862+0800	[34mINFO[0m	engine/engine.go:402	=====> 初始化成功🍺🍺
2021-10-27T09:52:17.802+0800	[34mINFO[0m	engine/engine.go:402	=====> 初始化数据库连接
2021-10-27T09:52:17.818+0800	[34mINFO[0m	engine/engine.go:402	=====> 初始化配置
2021-10-27T09:52:17.824+0800	[34mINFO[0m	engine/engine.go:402	=====> 初始化导航栏按钮
2021-10-27T09:52:17.824+0800	[34mINFO[0m	engine/engine.go:402	=====> 初始化插件
2021-10-27T09:52:17.824+0800	[34mINFO[0m	engine/engine.go:402	=====> 初始化成功🍺🍺
2021-10-29T09:07:26.412+0800	[34mINFO[0m	engine/engine.go:402	=====> 初始化数据库连接
2021-10-29T09:07:26.425+0800	[34mINFO[0m	engine/engine.go:402	=====> 初始化配置
2021-10-29T09:07:26.429+0800	[34mINFO[0m	engine/engine.go:402	=====> 初始化导航栏按钮
2021-10-29T09:07:26.429+0800	[34mINFO[0m	engine/engine.go:402	=====> 初始化插件
2021-10-29T09:07:26.429+0800	[34mINFO[0m	engine/engine.go:402	=====> 初始化成功🍺🍺
2021-11-04T11:13:43.155+0800	[34mINFO[0m	engine/engine.go:402	=====> 初始化数据库连接
2021-11-04T11:13:43.172+0800	[34mINFO[0m	engine/engine.go:402	=====> 初始化配置
2021-11-04T11:13:43.178+0800	[34mINFO[0m	engine/engine.go:402	=====> 初始化导航栏按钮
2021-11-04T11:13:43.178+0800	[34mINFO[0m	engine/engine.go:402	=====> 初始化插件
2021-11-04T11:13:43.178+0800	[34mINFO[0m	engine/engine.go:402	=====> 初始化成功🍺🍺
